	.text
	.syntax unified
	.eabi_attribute	67, "2.09"	@ Tag_conformance
	.cpu	cortex-m4
	.eabi_attribute	6, 13	@ Tag_CPU_arch
	.eabi_attribute	7, 77	@ Tag_CPU_arch_profile
	.eabi_attribute	8, 0	@ Tag_ARM_ISA_use
	.eabi_attribute	9, 2	@ Tag_THUMB_ISA_use
	.fpu	fpv4-sp-d16
	.eabi_attribute	27, 1	@ Tag_ABI_HardFP_use
	.eabi_attribute	36, 1	@ Tag_FP_HP_extension
	.eabi_attribute	34, 1	@ Tag_CPU_unaligned_access
	.eabi_attribute	17, 1	@ Tag_ABI_PCS_GOT_use
	.eabi_attribute	20, 2	@ Tag_ABI_FP_denormal
	.eabi_attribute	21, 0	@ Tag_ABI_FP_exceptions
	.eabi_attribute	23, 1	@ Tag_ABI_FP_number_model
	.eabi_attribute	24, 1	@ Tag_ABI_align_needed
	.eabi_attribute	25, 1	@ Tag_ABI_align_preserved
	.eabi_attribute	28, 1	@ Tag_ABI_VFP_args
	.eabi_attribute	38, 1	@ Tag_ABI_FP_16bit_format
	.eabi_attribute	18, 2	@ Tag_ABI_PCS_wchar_t
	.eabi_attribute	26, 1	@ Tag_ABI_enum_size
	.eabi_attribute	14, 0	@ Tag_ABI_PCS_R9_use
	.file	"spi.c"
	.file	1 "D:\\Program Files\\Keil\\ARM\\ARMCLANG\\Bin\\..\\include" "stdint.h"
	.file	2 "E:\\stm32Workspace\\stm32f407_usb_storage_mass\\MDK-ARM" "../Drivers/CMSIS/Device/ST/STM32F4xx/Include/stm32f407xx.h"
	.file	3 "E:\\stm32Workspace\\stm32f407_usb_storage_mass\\MDK-ARM" "../Drivers/STM32F4xx_HAL_Driver/Inc\\stm32f4xx_hal_spi.h"
	.file	4 "E:\\stm32Workspace\\stm32f407_usb_storage_mass\\MDK-ARM" "../Drivers/STM32F4xx_HAL_Driver/Inc\\stm32f4xx_hal_dma.h"
	.file	5 "E:\\stm32Workspace\\stm32f407_usb_storage_mass\\MDK-ARM" "../Drivers/STM32F4xx_HAL_Driver/Inc/stm32f4xx_hal_def.h"
	.file	6 "E:\\stm32Workspace\\stm32f407_usb_storage_mass\\MDK-ARM" "../Core/Src/spi.c"
	.section	.text.MX_SPI1_Init,"ax",%progbits
	.hidden	MX_SPI1_Init            @ -- Begin function MX_SPI1_Init
	.globl	MX_SPI1_Init
	.p2align	2
	.type	MX_SPI1_Init,%function
	.code	16                      @ @MX_SPI1_Init
	.thumb_func
MX_SPI1_Init:
.Lfunc_begin0:
	.loc	6 31 0                  @ ../Core/Src/spi.c:31:0
	.fnstart
	.cfi_sections .debug_frame
	.cfi_startproc
@ %bb.0:
	.save	{r7, lr}
	push	{r7, lr}
	.cfi_def_cfa_offset 8
	.cfi_offset lr, -4
	.cfi_offset r7, -8
.Ltmp0:
	.loc	6 33 18 prologue_end    @ ../Core/Src/spi.c:33:18
	movw	r0, :lower16:hspi1
	movt	r0, :upper16:hspi1
	movw	r1, #12288
	movt	r1, #16385
	str	r1, [r0]
	mov.w	r1, #260
	.loc	6 34 19                 @ ../Core/Src/spi.c:34:19
	str	r1, [r0, #4]
	movs	r1, #0
	.loc	6 35 24                 @ ../Core/Src/spi.c:35:24
	str	r1, [r0, #8]
	.loc	6 36 23                 @ ../Core/Src/spi.c:36:23
	str	r1, [r0, #12]
	movs	r2, #2
	.loc	6 37 26                 @ ../Core/Src/spi.c:37:26
	str	r2, [r0, #16]
	movs	r2, #1
	.loc	6 38 23                 @ ../Core/Src/spi.c:38:23
	str	r2, [r0, #20]
	mov.w	r2, #512
	.loc	6 39 18                 @ ../Core/Src/spi.c:39:18
	str	r2, [r0, #24]
	.loc	6 40 32                 @ ../Core/Src/spi.c:40:32
	str	r1, [r0, #28]
	.loc	6 41 23                 @ ../Core/Src/spi.c:41:23
	str	r1, [r0, #32]
	.loc	6 42 21                 @ ../Core/Src/spi.c:42:21
	str	r1, [r0, #36]
	.loc	6 43 29                 @ ../Core/Src/spi.c:43:29
	str	r1, [r0, #40]
	movs	r1, #10
	.loc	6 44 28                 @ ../Core/Src/spi.c:44:28
	str	r1, [r0, #44]
.Ltmp1:
	.loc	6 45 7                  @ ../Core/Src/spi.c:45:7
	bl	HAL_SPI_Init
.Ltmp2:
	.loc	6 45 7 is_stmt 0        @ ../Core/Src/spi.c:45:7
	cmp	r0, #0
	beq	.LBB0_2
	b	.LBB0_1
.LBB0_1:
.Ltmp3:
	.loc	6 47 5 is_stmt 1        @ ../Core/Src/spi.c:47:5
	bl	Error_Handler
	.loc	6 48 3                  @ ../Core/Src/spi.c:48:3
	b	.LBB0_2
.Ltmp4:
.LBB0_2:
	.loc	6 50 1                  @ ../Core/Src/spi.c:50:1
	pop	{r7, pc}
.Ltmp5:
.Lfunc_end0:
	.size	MX_SPI1_Init, .Lfunc_end0-MX_SPI1_Init
	.cfi_endproc
	.cantunwind
	.fnend
                                        @ -- End function
	.section	.text.HAL_SPI_MspInit,"ax",%progbits
	.hidden	HAL_SPI_MspInit         @ -- Begin function HAL_SPI_MspInit
	.globl	HAL_SPI_MspInit
	.p2align	2
	.type	HAL_SPI_MspInit,%function
	.code	16                      @ @HAL_SPI_MspInit
	.thumb_func
HAL_SPI_MspInit:
.Lfunc_begin1:
	.loc	6 53 0                  @ ../Core/Src/spi.c:53:0
	.fnstart
	.cfi_startproc
@ %bb.0:
	.save	{r7, lr}
	push	{r7, lr}
	.cfi_def_cfa_offset 8
	.cfi_offset lr, -4
	.cfi_offset r7, -8
	.pad	#48
	sub	sp, #48
	.cfi_def_cfa_offset 56
	mov	r1, r0
	str	r0, [sp, #44]
	movs	r0, #0
.Ltmp6:
	.loc	6 55 20 prologue_end    @ ../Core/Src/spi.c:55:20
	str	r0, [sp, #40]
	str	r0, [sp, #36]
	str	r0, [sp, #32]
	str	r0, [sp, #28]
	str	r0, [sp, #24]
.Ltmp7:
	.loc	6 56 6                  @ ../Core/Src/spi.c:56:6
	ldr	r0, [sp, #44]
	.loc	6 56 17 is_stmt 0       @ ../Core/Src/spi.c:56:17
	ldr	r0, [r0]
	movw	r2, #12288
	movt	r2, #16385
.Ltmp8:
	.loc	6 56 6                  @ ../Core/Src/spi.c:56:6
	cmp	r0, r2
	str	r1, [sp, #12]           @ 4-byte Spill
	bne	.LBB1_6
	b	.LBB1_1
.LBB1_1:
.Ltmp9:
	.loc	6 62 5 is_stmt 1        @ ../Core/Src/spi.c:62:5
	b	.LBB1_2
.LBB1_2:
	.loc	6 0 5 is_stmt 0         @ ../Core/Src/spi.c:0:5
	movs	r0, #0
.Ltmp10:
	.loc	6 62 5                  @ ../Core/Src/spi.c:62:5
	str	r0, [sp, #20]
	movw	r0, #14404
	movt	r0, #16386
	ldr	r1, [r0]
	orr	r1, r1, #4096
	str	r1, [r0]
	ldr	r0, [r0]
	and	r0, r0, #4096
	str	r0, [sp, #20]
	ldr	r0, [sp, #20]
	str	r0, [sp, #8]            @ 4-byte Spill
	b	.LBB1_3
.Ltmp11:
.LBB1_3:
	.loc	6 64 5 is_stmt 1        @ ../Core/Src/spi.c:64:5
	b	.LBB1_4
.LBB1_4:
	.loc	6 0 5 is_stmt 0         @ ../Core/Src/spi.c:0:5
	movs	r0, #0
.Ltmp12:
	.loc	6 64 5                  @ ../Core/Src/spi.c:64:5
	str	r0, [sp, #16]
	movw	r0, #14384
	movt	r0, #16386
	ldr	r1, [r0]
	orr	r1, r1, #2
	str	r1, [r0]
	ldr	r0, [r0]
	and	r0, r0, #2
	str	r0, [sp, #16]
	ldr	r0, [sp, #16]
	str	r0, [sp, #4]            @ 4-byte Spill
	b	.LBB1_5
.Ltmp13:
.LBB1_5:
	.loc	6 0 5                   @ ../Core/Src/spi.c:0:5
	movs	r0, #56
	.loc	6 70 25 is_stmt 1       @ ../Core/Src/spi.c:70:25
	str	r0, [sp, #24]
	movs	r0, #2
	.loc	6 71 26                 @ ../Core/Src/spi.c:71:26
	str	r0, [sp, #28]
	movs	r0, #0
	.loc	6 72 26                 @ ../Core/Src/spi.c:72:26
	str	r0, [sp, #32]
	movs	r0, #3
	.loc	6 73 27                 @ ../Core/Src/spi.c:73:27
	str	r0, [sp, #36]
	movs	r0, #5
	.loc	6 74 31                 @ ../Core/Src/spi.c:74:31
	str	r0, [sp, #40]
	movw	r0, #1024
	movt	r0, #16386
	add	r1, sp, #24
	.loc	6 75 5                  @ ../Core/Src/spi.c:75:5
	bl	HAL_GPIO_Init
	.loc	6 80 3                  @ ../Core/Src/spi.c:80:3
	b	.LBB1_6
.Ltmp14:
.LBB1_6:
	.loc	6 81 1                  @ ../Core/Src/spi.c:81:1
	add	sp, #48
	pop	{r7, pc}
.Ltmp15:
.Lfunc_end1:
	.size	HAL_SPI_MspInit, .Lfunc_end1-HAL_SPI_MspInit
	.cfi_endproc
	.cantunwind
	.fnend
                                        @ -- End function
	.section	.text.HAL_SPI_MspDeInit,"ax",%progbits
	.hidden	HAL_SPI_MspDeInit       @ -- Begin function HAL_SPI_MspDeInit
	.globl	HAL_SPI_MspDeInit
	.p2align	2
	.type	HAL_SPI_MspDeInit,%function
	.code	16                      @ @HAL_SPI_MspDeInit
	.thumb_func
HAL_SPI_MspDeInit:
.Lfunc_begin2:
	.loc	6 84 0                  @ ../Core/Src/spi.c:84:0
	.fnstart
	.cfi_startproc
@ %bb.0:
	.save	{r7, lr}
	push	{r7, lr}
	.cfi_def_cfa_offset 8
	.cfi_offset lr, -4
	.cfi_offset r7, -8
	.pad	#8
	sub	sp, #8
	.cfi_def_cfa_offset 16
	mov	r1, r0
	str	r0, [sp, #4]
.Ltmp16:
	.loc	6 86 6 prologue_end     @ ../Core/Src/spi.c:86:6
	ldr	r0, [sp, #4]
	.loc	6 86 17 is_stmt 0       @ ../Core/Src/spi.c:86:17
	ldr	r0, [r0]
	movw	r2, #12288
	movt	r2, #16385
.Ltmp17:
	.loc	6 86 6                  @ ../Core/Src/spi.c:86:6
	cmp	r0, r2
	str	r1, [sp]                @ 4-byte Spill
	bne	.LBB2_2
	b	.LBB2_1
.LBB2_1:
	.loc	6 0 6                   @ ../Core/Src/spi.c:0:6
	movw	r0, #14404
	movt	r0, #16386
.Ltmp18:
	.loc	6 92 5 is_stmt 1        @ ../Core/Src/spi.c:92:5
	ldr	r1, [r0]
	bic	r1, r1, #4096
	str	r1, [r0]
	movw	r0, #1024
	movt	r0, #16386
	movs	r1, #56
	.loc	6 99 5                  @ ../Core/Src/spi.c:99:5
	bl	HAL_GPIO_DeInit
	.loc	6 104 3                 @ ../Core/Src/spi.c:104:3
	b	.LBB2_2
.Ltmp19:
.LBB2_2:
	.loc	6 105 1                 @ ../Core/Src/spi.c:105:1
	add	sp, #8
	pop	{r7, pc}
.Ltmp20:
.Lfunc_end2:
	.size	HAL_SPI_MspDeInit, .Lfunc_end2-HAL_SPI_MspDeInit
	.cfi_endproc
	.cantunwind
	.fnend
                                        @ -- End function
	.hidden	hspi1                   @ @hspi1
	.type	hspi1,%object
	.section	.bss.hspi1,"aw",%nobits
	.globl	hspi1
	.p2align	2
hspi1:
	.zero	88
	.size	hspi1, 88

	.file	7 "E:\\stm32Workspace\\stm32f407_usb_storage_mass\\MDK-ARM" "../Drivers/STM32F4xx_HAL_Driver/Inc\\stm32f4xx_hal_gpio.h"
	.section	.debug_str,"MS",%progbits,1
.Linfo_string0:
	.asciz	"Component: ARM Compiler 6.12 Tool: armclang [5d624a00]" @ string offset=0
.Linfo_string1:
	.asciz	"../Core/Src\\spi.c"    @ string offset=55
.Linfo_string2:
	.asciz	"E:\\stm32Workspace\\stm32f407_usb_storage_mass\\MDK-ARM" @ string offset=73
.Linfo_string3:
	.asciz	"hspi1"                 @ string offset=126
.Linfo_string4:
	.asciz	"Instance"              @ string offset=132
.Linfo_string5:
	.asciz	"CR1"                   @ string offset=141
.Linfo_string6:
	.asciz	"unsigned int"          @ string offset=145
.Linfo_string7:
	.asciz	"uint32_t"              @ string offset=158
.Linfo_string8:
	.asciz	"CR2"                   @ string offset=167
.Linfo_string9:
	.asciz	"SR"                    @ string offset=171
.Linfo_string10:
	.asciz	"DR"                    @ string offset=174
.Linfo_string11:
	.asciz	"CRCPR"                 @ string offset=177
.Linfo_string12:
	.asciz	"RXCRCR"                @ string offset=183
.Linfo_string13:
	.asciz	"TXCRCR"                @ string offset=190
.Linfo_string14:
	.asciz	"I2SCFGR"               @ string offset=197
.Linfo_string15:
	.asciz	"I2SPR"                 @ string offset=205
.Linfo_string16:
	.asciz	"SPI_TypeDef"           @ string offset=211
.Linfo_string17:
	.asciz	"Init"                  @ string offset=223
.Linfo_string18:
	.asciz	"Mode"                  @ string offset=228
.Linfo_string19:
	.asciz	"Direction"             @ string offset=233
.Linfo_string20:
	.asciz	"DataSize"              @ string offset=243
.Linfo_string21:
	.asciz	"CLKPolarity"           @ string offset=252
.Linfo_string22:
	.asciz	"CLKPhase"              @ string offset=264
.Linfo_string23:
	.asciz	"NSS"                   @ string offset=273
.Linfo_string24:
	.asciz	"BaudRatePrescaler"     @ string offset=277
.Linfo_string25:
	.asciz	"FirstBit"              @ string offset=295
.Linfo_string26:
	.asciz	"TIMode"                @ string offset=304
.Linfo_string27:
	.asciz	"CRCCalculation"        @ string offset=311
.Linfo_string28:
	.asciz	"CRCPolynomial"         @ string offset=326
.Linfo_string29:
	.asciz	"SPI_InitTypeDef"       @ string offset=340
.Linfo_string30:
	.asciz	"pTxBuffPtr"            @ string offset=356
.Linfo_string31:
	.asciz	"unsigned char"         @ string offset=367
.Linfo_string32:
	.asciz	"uint8_t"               @ string offset=381
.Linfo_string33:
	.asciz	"TxXferSize"            @ string offset=389
.Linfo_string34:
	.asciz	"unsigned short"        @ string offset=400
.Linfo_string35:
	.asciz	"uint16_t"              @ string offset=415
.Linfo_string36:
	.asciz	"TxXferCount"           @ string offset=424
.Linfo_string37:
	.asciz	"pRxBuffPtr"            @ string offset=436
.Linfo_string38:
	.asciz	"RxXferSize"            @ string offset=447
.Linfo_string39:
	.asciz	"RxXferCount"           @ string offset=458
.Linfo_string40:
	.asciz	"RxISR"                 @ string offset=470
.Linfo_string41:
	.asciz	"TxISR"                 @ string offset=476
.Linfo_string42:
	.asciz	"hdmatx"                @ string offset=482
.Linfo_string43:
	.asciz	"CR"                    @ string offset=489
.Linfo_string44:
	.asciz	"NDTR"                  @ string offset=492
.Linfo_string45:
	.asciz	"PAR"                   @ string offset=497
.Linfo_string46:
	.asciz	"M0AR"                  @ string offset=501
.Linfo_string47:
	.asciz	"M1AR"                  @ string offset=506
.Linfo_string48:
	.asciz	"FCR"                   @ string offset=511
.Linfo_string49:
	.asciz	"DMA_Stream_TypeDef"    @ string offset=515
.Linfo_string50:
	.asciz	"Channel"               @ string offset=534
.Linfo_string51:
	.asciz	"PeriphInc"             @ string offset=542
.Linfo_string52:
	.asciz	"MemInc"                @ string offset=552
.Linfo_string53:
	.asciz	"PeriphDataAlignment"   @ string offset=559
.Linfo_string54:
	.asciz	"MemDataAlignment"      @ string offset=579
.Linfo_string55:
	.asciz	"Priority"              @ string offset=596
.Linfo_string56:
	.asciz	"FIFOMode"              @ string offset=605
.Linfo_string57:
	.asciz	"FIFOThreshold"         @ string offset=614
.Linfo_string58:
	.asciz	"MemBurst"              @ string offset=628
.Linfo_string59:
	.asciz	"PeriphBurst"           @ string offset=637
.Linfo_string60:
	.asciz	"DMA_InitTypeDef"       @ string offset=649
.Linfo_string61:
	.asciz	"Lock"                  @ string offset=665
.Linfo_string62:
	.asciz	"HAL_UNLOCKED"          @ string offset=670
.Linfo_string63:
	.asciz	"HAL_LOCKED"            @ string offset=683
.Linfo_string64:
	.asciz	"HAL_LockTypeDef"       @ string offset=694
.Linfo_string65:
	.asciz	"State"                 @ string offset=710
.Linfo_string66:
	.asciz	"HAL_DMA_STATE_RESET"   @ string offset=716
.Linfo_string67:
	.asciz	"HAL_DMA_STATE_READY"   @ string offset=736
.Linfo_string68:
	.asciz	"HAL_DMA_STATE_BUSY"    @ string offset=756
.Linfo_string69:
	.asciz	"HAL_DMA_STATE_TIMEOUT" @ string offset=775
.Linfo_string70:
	.asciz	"HAL_DMA_STATE_ERROR"   @ string offset=797
.Linfo_string71:
	.asciz	"HAL_DMA_STATE_ABORT"   @ string offset=817
.Linfo_string72:
	.asciz	"HAL_DMA_StateTypeDef"  @ string offset=837
.Linfo_string73:
	.asciz	"Parent"                @ string offset=858
.Linfo_string74:
	.asciz	"XferCpltCallback"      @ string offset=865
.Linfo_string75:
	.asciz	"XferHalfCpltCallback"  @ string offset=882
.Linfo_string76:
	.asciz	"XferM1CpltCallback"    @ string offset=903
.Linfo_string77:
	.asciz	"XferM1HalfCpltCallback" @ string offset=922
.Linfo_string78:
	.asciz	"XferErrorCallback"     @ string offset=945
.Linfo_string79:
	.asciz	"XferAbortCallback"     @ string offset=963
.Linfo_string80:
	.asciz	"ErrorCode"             @ string offset=981
.Linfo_string81:
	.asciz	"StreamBaseAddress"     @ string offset=991
.Linfo_string82:
	.asciz	"StreamIndex"           @ string offset=1009
.Linfo_string83:
	.asciz	"__DMA_HandleTypeDef"   @ string offset=1021
.Linfo_string84:
	.asciz	"DMA_HandleTypeDef"     @ string offset=1041
.Linfo_string85:
	.asciz	"hdmarx"                @ string offset=1059
.Linfo_string86:
	.asciz	"HAL_SPI_STATE_RESET"   @ string offset=1066
.Linfo_string87:
	.asciz	"HAL_SPI_STATE_READY"   @ string offset=1086
.Linfo_string88:
	.asciz	"HAL_SPI_STATE_BUSY"    @ string offset=1106
.Linfo_string89:
	.asciz	"HAL_SPI_STATE_BUSY_TX" @ string offset=1125
.Linfo_string90:
	.asciz	"HAL_SPI_STATE_BUSY_RX" @ string offset=1147
.Linfo_string91:
	.asciz	"HAL_SPI_STATE_BUSY_TX_RX" @ string offset=1169
.Linfo_string92:
	.asciz	"HAL_SPI_STATE_ERROR"   @ string offset=1194
.Linfo_string93:
	.asciz	"HAL_SPI_STATE_ABORT"   @ string offset=1214
.Linfo_string94:
	.asciz	"HAL_SPI_StateTypeDef"  @ string offset=1234
.Linfo_string95:
	.asciz	"__SPI_HandleTypeDef"   @ string offset=1255
.Linfo_string96:
	.asciz	"SPI_HandleTypeDef"     @ string offset=1275
.Linfo_string97:
	.asciz	"HAL_OK"                @ string offset=1293
.Linfo_string98:
	.asciz	"HAL_ERROR"             @ string offset=1300
.Linfo_string99:
	.asciz	"HAL_BUSY"              @ string offset=1310
.Linfo_string100:
	.asciz	"HAL_TIMEOUT"           @ string offset=1319
.Linfo_string101:
	.asciz	"PLLCFGR"               @ string offset=1331
.Linfo_string102:
	.asciz	"CFGR"                  @ string offset=1339
.Linfo_string103:
	.asciz	"CIR"                   @ string offset=1344
.Linfo_string104:
	.asciz	"AHB1RSTR"              @ string offset=1348
.Linfo_string105:
	.asciz	"AHB2RSTR"              @ string offset=1357
.Linfo_string106:
	.asciz	"AHB3RSTR"              @ string offset=1366
.Linfo_string107:
	.asciz	"RESERVED0"             @ string offset=1375
.Linfo_string108:
	.asciz	"APB1RSTR"              @ string offset=1385
.Linfo_string109:
	.asciz	"APB2RSTR"              @ string offset=1394
.Linfo_string110:
	.asciz	"RESERVED1"             @ string offset=1403
.Linfo_string111:
	.asciz	"__ARRAY_SIZE_TYPE__"   @ string offset=1413
.Linfo_string112:
	.asciz	"AHB1ENR"               @ string offset=1433
.Linfo_string113:
	.asciz	"AHB2ENR"               @ string offset=1441
.Linfo_string114:
	.asciz	"AHB3ENR"               @ string offset=1449
.Linfo_string115:
	.asciz	"RESERVED2"             @ string offset=1457
.Linfo_string116:
	.asciz	"APB1ENR"               @ string offset=1467
.Linfo_string117:
	.asciz	"APB2ENR"               @ string offset=1475
.Linfo_string118:
	.asciz	"RESERVED3"             @ string offset=1483
.Linfo_string119:
	.asciz	"AHB1LPENR"             @ string offset=1493
.Linfo_string120:
	.asciz	"AHB2LPENR"             @ string offset=1503
.Linfo_string121:
	.asciz	"AHB3LPENR"             @ string offset=1513
.Linfo_string122:
	.asciz	"RESERVED4"             @ string offset=1523
.Linfo_string123:
	.asciz	"APB1LPENR"             @ string offset=1533
.Linfo_string124:
	.asciz	"APB2LPENR"             @ string offset=1543
.Linfo_string125:
	.asciz	"RESERVED5"             @ string offset=1553
.Linfo_string126:
	.asciz	"BDCR"                  @ string offset=1563
.Linfo_string127:
	.asciz	"CSR"                   @ string offset=1568
.Linfo_string128:
	.asciz	"RESERVED6"             @ string offset=1572
.Linfo_string129:
	.asciz	"SSCGR"                 @ string offset=1582
.Linfo_string130:
	.asciz	"PLLI2SCFGR"            @ string offset=1588
.Linfo_string131:
	.asciz	"RCC_TypeDef"           @ string offset=1599
.Linfo_string132:
	.asciz	"MODER"                 @ string offset=1611
.Linfo_string133:
	.asciz	"OTYPER"                @ string offset=1617
.Linfo_string134:
	.asciz	"OSPEEDR"               @ string offset=1624
.Linfo_string135:
	.asciz	"PUPDR"                 @ string offset=1632
.Linfo_string136:
	.asciz	"IDR"                   @ string offset=1638
.Linfo_string137:
	.asciz	"ODR"                   @ string offset=1642
.Linfo_string138:
	.asciz	"BSRR"                  @ string offset=1646
.Linfo_string139:
	.asciz	"LCKR"                  @ string offset=1651
.Linfo_string140:
	.asciz	"AFR"                   @ string offset=1656
.Linfo_string141:
	.asciz	"GPIO_TypeDef"          @ string offset=1660
.Linfo_string142:
	.asciz	"MX_SPI1_Init"          @ string offset=1673
.Linfo_string143:
	.asciz	"HAL_SPI_MspInit"       @ string offset=1686
.Linfo_string144:
	.asciz	"HAL_SPI_MspDeInit"     @ string offset=1702
.Linfo_string145:
	.asciz	"spiHandle"             @ string offset=1720
.Linfo_string146:
	.asciz	"GPIO_InitStruct"       @ string offset=1730
.Linfo_string147:
	.asciz	"Pin"                   @ string offset=1746
.Linfo_string148:
	.asciz	"Pull"                  @ string offset=1750
.Linfo_string149:
	.asciz	"Speed"                 @ string offset=1755
.Linfo_string150:
	.asciz	"Alternate"             @ string offset=1761
.Linfo_string151:
	.asciz	"GPIO_InitTypeDef"      @ string offset=1771
.Linfo_string152:
	.asciz	"tmpreg"                @ string offset=1788
	.section	.debug_abbrev,"",%progbits
	.byte	1                       @ Abbreviation Code
	.byte	17                      @ DW_TAG_compile_unit
	.byte	1                       @ DW_CHILDREN_yes
	.byte	37                      @ DW_AT_producer
	.byte	14                      @ DW_FORM_strp
	.byte	19                      @ DW_AT_language
	.byte	5                       @ DW_FORM_data2
	.byte	3                       @ DW_AT_name
	.byte	14                      @ DW_FORM_strp
	.byte	16                      @ DW_AT_stmt_list
	.byte	6                       @ DW_FORM_data4
	.byte	27                      @ DW_AT_comp_dir
	.byte	14                      @ DW_FORM_strp
	.byte	17                      @ DW_AT_low_pc
	.byte	1                       @ DW_FORM_addr
	.byte	85                      @ DW_AT_ranges
	.byte	6                       @ DW_FORM_data4
	.byte	0                       @ EOM(1)
	.byte	0                       @ EOM(2)
	.byte	2                       @ Abbreviation Code
	.byte	52                      @ DW_TAG_variable
	.byte	0                       @ DW_CHILDREN_no
	.byte	3                       @ DW_AT_name
	.byte	14                      @ DW_FORM_strp
	.byte	73                      @ DW_AT_type
	.byte	19                      @ DW_FORM_ref4
	.byte	63                      @ DW_AT_external
	.byte	12                      @ DW_FORM_flag
	.byte	58                      @ DW_AT_decl_file
	.byte	11                      @ DW_FORM_data1
	.byte	59                      @ DW_AT_decl_line
	.byte	11                      @ DW_FORM_data1
	.byte	2                       @ DW_AT_location
	.byte	10                      @ DW_FORM_block1
	.byte	0                       @ EOM(1)
	.byte	0                       @ EOM(2)
	.byte	3                       @ Abbreviation Code
	.byte	22                      @ DW_TAG_typedef
	.byte	0                       @ DW_CHILDREN_no
	.byte	73                      @ DW_AT_type
	.byte	19                      @ DW_FORM_ref4
	.byte	3                       @ DW_AT_name
	.byte	14                      @ DW_FORM_strp
	.byte	58                      @ DW_AT_decl_file
	.byte	11                      @ DW_FORM_data1
	.byte	59                      @ DW_AT_decl_line
	.byte	11                      @ DW_FORM_data1
	.byte	0                       @ EOM(1)
	.byte	0                       @ EOM(2)
	.byte	4                       @ Abbreviation Code
	.byte	19                      @ DW_TAG_structure_type
	.byte	1                       @ DW_CHILDREN_yes
	.byte	3                       @ DW_AT_name
	.byte	14                      @ DW_FORM_strp
	.byte	11                      @ DW_AT_byte_size
	.byte	11                      @ DW_FORM_data1
	.byte	58                      @ DW_AT_decl_file
	.byte	11                      @ DW_FORM_data1
	.byte	59                      @ DW_AT_decl_line
	.byte	11                      @ DW_FORM_data1
	.byte	0                       @ EOM(1)
	.byte	0                       @ EOM(2)
	.byte	5                       @ Abbreviation Code
	.byte	13                      @ DW_TAG_member
	.byte	0                       @ DW_CHILDREN_no
	.byte	3                       @ DW_AT_name
	.byte	14                      @ DW_FORM_strp
	.byte	73                      @ DW_AT_type
	.byte	19                      @ DW_FORM_ref4
	.byte	58                      @ DW_AT_decl_file
	.byte	11                      @ DW_FORM_data1
	.byte	59                      @ DW_AT_decl_line
	.byte	11                      @ DW_FORM_data1
	.byte	56                      @ DW_AT_data_member_location
	.byte	11                      @ DW_FORM_data1
	.byte	0                       @ EOM(1)
	.byte	0                       @ EOM(2)
	.byte	6                       @ Abbreviation Code
	.byte	15                      @ DW_TAG_pointer_type
	.byte	0                       @ DW_CHILDREN_no
	.byte	73                      @ DW_AT_type
	.byte	19                      @ DW_FORM_ref4
	.byte	0                       @ EOM(1)
	.byte	0                       @ EOM(2)
	.byte	7                       @ Abbreviation Code
	.byte	22                      @ DW_TAG_typedef
	.byte	0                       @ DW_CHILDREN_no
	.byte	73                      @ DW_AT_type
	.byte	19                      @ DW_FORM_ref4
	.byte	3                       @ DW_AT_name
	.byte	14                      @ DW_FORM_strp
	.byte	58                      @ DW_AT_decl_file
	.byte	11                      @ DW_FORM_data1
	.byte	59                      @ DW_AT_decl_line
	.byte	5                       @ DW_FORM_data2
	.byte	0                       @ EOM(1)
	.byte	0                       @ EOM(2)
	.byte	8                       @ Abbreviation Code
	.byte	19                      @ DW_TAG_structure_type
	.byte	1                       @ DW_CHILDREN_yes
	.byte	11                      @ DW_AT_byte_size
	.byte	11                      @ DW_FORM_data1
	.byte	58                      @ DW_AT_decl_file
	.byte	11                      @ DW_FORM_data1
	.byte	59                      @ DW_AT_decl_line
	.byte	5                       @ DW_FORM_data2
	.byte	0                       @ EOM(1)
	.byte	0                       @ EOM(2)
	.byte	9                       @ Abbreviation Code
	.byte	13                      @ DW_TAG_member
	.byte	0                       @ DW_CHILDREN_no
	.byte	3                       @ DW_AT_name
	.byte	14                      @ DW_FORM_strp
	.byte	73                      @ DW_AT_type
	.byte	19                      @ DW_FORM_ref4
	.byte	58                      @ DW_AT_decl_file
	.byte	11                      @ DW_FORM_data1
	.byte	59                      @ DW_AT_decl_line
	.byte	5                       @ DW_FORM_data2
	.byte	56                      @ DW_AT_data_member_location
	.byte	11                      @ DW_FORM_data1
	.byte	0                       @ EOM(1)
	.byte	0                       @ EOM(2)
	.byte	10                      @ Abbreviation Code
	.byte	53                      @ DW_TAG_volatile_type
	.byte	0                       @ DW_CHILDREN_no
	.byte	73                      @ DW_AT_type
	.byte	19                      @ DW_FORM_ref4
	.byte	0                       @ EOM(1)
	.byte	0                       @ EOM(2)
	.byte	11                      @ Abbreviation Code
	.byte	36                      @ DW_TAG_base_type
	.byte	0                       @ DW_CHILDREN_no
	.byte	3                       @ DW_AT_name
	.byte	14                      @ DW_FORM_strp
	.byte	62                      @ DW_AT_encoding
	.byte	11                      @ DW_FORM_data1
	.byte	11                      @ DW_AT_byte_size
	.byte	11                      @ DW_FORM_data1
	.byte	0                       @ EOM(1)
	.byte	0                       @ EOM(2)
	.byte	12                      @ Abbreviation Code
	.byte	19                      @ DW_TAG_structure_type
	.byte	1                       @ DW_CHILDREN_yes
	.byte	11                      @ DW_AT_byte_size
	.byte	11                      @ DW_FORM_data1
	.byte	58                      @ DW_AT_decl_file
	.byte	11                      @ DW_FORM_data1
	.byte	59                      @ DW_AT_decl_line
	.byte	11                      @ DW_FORM_data1
	.byte	0                       @ EOM(1)
	.byte	0                       @ EOM(2)
	.byte	13                      @ Abbreviation Code
	.byte	21                      @ DW_TAG_subroutine_type
	.byte	1                       @ DW_CHILDREN_yes
	.byte	39                      @ DW_AT_prototyped
	.byte	12                      @ DW_FORM_flag
	.byte	0                       @ EOM(1)
	.byte	0                       @ EOM(2)
	.byte	14                      @ Abbreviation Code
	.byte	5                       @ DW_TAG_formal_parameter
	.byte	0                       @ DW_CHILDREN_no
	.byte	73                      @ DW_AT_type
	.byte	19                      @ DW_FORM_ref4
	.byte	0                       @ EOM(1)
	.byte	0                       @ EOM(2)
	.byte	15                      @ Abbreviation Code
	.byte	4                       @ DW_TAG_enumeration_type
	.byte	1                       @ DW_CHILDREN_yes
	.byte	73                      @ DW_AT_type
	.byte	19                      @ DW_FORM_ref4
	.byte	11                      @ DW_AT_byte_size
	.byte	11                      @ DW_FORM_data1
	.byte	58                      @ DW_AT_decl_file
	.byte	11                      @ DW_FORM_data1
	.byte	59                      @ DW_AT_decl_line
	.byte	11                      @ DW_FORM_data1
	.byte	0                       @ EOM(1)
	.byte	0                       @ EOM(2)
	.byte	16                      @ Abbreviation Code
	.byte	40                      @ DW_TAG_enumerator
	.byte	0                       @ DW_CHILDREN_no
	.byte	3                       @ DW_AT_name
	.byte	14                      @ DW_FORM_strp
	.byte	28                      @ DW_AT_const_value
	.byte	15                      @ DW_FORM_udata
	.byte	0                       @ EOM(1)
	.byte	0                       @ EOM(2)
	.byte	17                      @ Abbreviation Code
	.byte	15                      @ DW_TAG_pointer_type
	.byte	0                       @ DW_CHILDREN_no
	.byte	0                       @ EOM(1)
	.byte	0                       @ EOM(2)
	.byte	18                      @ Abbreviation Code
	.byte	1                       @ DW_TAG_array_type
	.byte	1                       @ DW_CHILDREN_yes
	.byte	73                      @ DW_AT_type
	.byte	19                      @ DW_FORM_ref4
	.byte	0                       @ EOM(1)
	.byte	0                       @ EOM(2)
	.byte	19                      @ Abbreviation Code
	.byte	33                      @ DW_TAG_subrange_type
	.byte	0                       @ DW_CHILDREN_no
	.byte	73                      @ DW_AT_type
	.byte	19                      @ DW_FORM_ref4
	.byte	55                      @ DW_AT_count
	.byte	11                      @ DW_FORM_data1
	.byte	0                       @ EOM(1)
	.byte	0                       @ EOM(2)
	.byte	20                      @ Abbreviation Code
	.byte	36                      @ DW_TAG_base_type
	.byte	0                       @ DW_CHILDREN_no
	.byte	3                       @ DW_AT_name
	.byte	14                      @ DW_FORM_strp
	.byte	11                      @ DW_AT_byte_size
	.byte	11                      @ DW_FORM_data1
	.byte	62                      @ DW_AT_encoding
	.byte	11                      @ DW_FORM_data1
	.byte	0                       @ EOM(1)
	.byte	0                       @ EOM(2)
	.byte	21                      @ Abbreviation Code
	.byte	46                      @ DW_TAG_subprogram
	.byte	0                       @ DW_CHILDREN_no
	.byte	17                      @ DW_AT_low_pc
	.byte	1                       @ DW_FORM_addr
	.byte	18                      @ DW_AT_high_pc
	.byte	1                       @ DW_FORM_addr
	.byte	64                      @ DW_AT_frame_base
	.byte	10                      @ DW_FORM_block1
	.byte	3                       @ DW_AT_name
	.byte	14                      @ DW_FORM_strp
	.byte	58                      @ DW_AT_decl_file
	.byte	11                      @ DW_FORM_data1
	.byte	59                      @ DW_AT_decl_line
	.byte	11                      @ DW_FORM_data1
	.byte	39                      @ DW_AT_prototyped
	.byte	12                      @ DW_FORM_flag
	.byte	63                      @ DW_AT_external
	.byte	12                      @ DW_FORM_flag
	.byte	0                       @ EOM(1)
	.byte	0                       @ EOM(2)
	.byte	22                      @ Abbreviation Code
	.byte	46                      @ DW_TAG_subprogram
	.byte	1                       @ DW_CHILDREN_yes
	.byte	17                      @ DW_AT_low_pc
	.byte	1                       @ DW_FORM_addr
	.byte	18                      @ DW_AT_high_pc
	.byte	1                       @ DW_FORM_addr
	.byte	64                      @ DW_AT_frame_base
	.byte	10                      @ DW_FORM_block1
	.byte	3                       @ DW_AT_name
	.byte	14                      @ DW_FORM_strp
	.byte	58                      @ DW_AT_decl_file
	.byte	11                      @ DW_FORM_data1
	.byte	59                      @ DW_AT_decl_line
	.byte	11                      @ DW_FORM_data1
	.byte	39                      @ DW_AT_prototyped
	.byte	12                      @ DW_FORM_flag
	.byte	63                      @ DW_AT_external
	.byte	12                      @ DW_FORM_flag
	.byte	0                       @ EOM(1)
	.byte	0                       @ EOM(2)
	.byte	23                      @ Abbreviation Code
	.byte	5                       @ DW_TAG_formal_parameter
	.byte	0                       @ DW_CHILDREN_no
	.byte	2                       @ DW_AT_location
	.byte	10                      @ DW_FORM_block1
	.byte	3                       @ DW_AT_name
	.byte	14                      @ DW_FORM_strp
	.byte	58                      @ DW_AT_decl_file
	.byte	11                      @ DW_FORM_data1
	.byte	59                      @ DW_AT_decl_line
	.byte	11                      @ DW_FORM_data1
	.byte	73                      @ DW_AT_type
	.byte	19                      @ DW_FORM_ref4
	.byte	0                       @ EOM(1)
	.byte	0                       @ EOM(2)
	.byte	24                      @ Abbreviation Code
	.byte	52                      @ DW_TAG_variable
	.byte	0                       @ DW_CHILDREN_no
	.byte	2                       @ DW_AT_location
	.byte	10                      @ DW_FORM_block1
	.byte	3                       @ DW_AT_name
	.byte	14                      @ DW_FORM_strp
	.byte	58                      @ DW_AT_decl_file
	.byte	11                      @ DW_FORM_data1
	.byte	59                      @ DW_AT_decl_line
	.byte	11                      @ DW_FORM_data1
	.byte	73                      @ DW_AT_type
	.byte	19                      @ DW_FORM_ref4
	.byte	0                       @ EOM(1)
	.byte	0                       @ EOM(2)
	.byte	25                      @ Abbreviation Code
	.byte	11                      @ DW_TAG_lexical_block
	.byte	1                       @ DW_CHILDREN_yes
	.byte	17                      @ DW_AT_low_pc
	.byte	1                       @ DW_FORM_addr
	.byte	18                      @ DW_AT_high_pc
	.byte	1                       @ DW_FORM_addr
	.byte	0                       @ EOM(1)
	.byte	0                       @ EOM(2)
	.byte	0                       @ EOM(3)
	.section	.debug_info,"",%progbits
.Lcu_begin0:
	.long	.Ldebug_info_end0-.Ldebug_info_start0 @ Length of Unit
.Ldebug_info_start0:
	.short	3                       @ DWARF version number
	.long	.debug_abbrev           @ Offset Into Abbrev. Section
	.byte	4                       @ Address Size (in bytes)
	.byte	1                       @ Abbrev [1] 0xb:0x83b DW_TAG_compile_unit
	.long	.Linfo_string0          @ DW_AT_producer
	.short	12                      @ DW_AT_language
	.long	.Linfo_string1          @ DW_AT_name
	.long	.Lline_table_start0     @ DW_AT_stmt_list
	.long	.Linfo_string2          @ DW_AT_comp_dir
	.long	0                       @ DW_AT_low_pc
	.long	.Ldebug_ranges0         @ DW_AT_ranges
	.byte	2                       @ Abbrev [2] 0x26:0x12 DW_TAG_variable
	.long	.Linfo_string3          @ DW_AT_name
	.long	56                      @ DW_AT_type
	.byte	1                       @ DW_AT_external
	.byte	6                       @ DW_AT_decl_file
	.byte	27                      @ DW_AT_decl_line
	.byte	5                       @ DW_AT_location
	.byte	3
	.long	hspi1
	.byte	3                       @ Abbrev [3] 0x38:0xb DW_TAG_typedef
	.long	67                      @ DW_AT_type
	.long	.Linfo_string96         @ DW_AT_name
	.byte	3                       @ DW_AT_decl_file
	.byte	150                     @ DW_AT_decl_line
	.byte	4                       @ Abbrev [4] 0x43:0xbd DW_TAG_structure_type
	.long	.Linfo_string95         @ DW_AT_name
	.byte	88                      @ DW_AT_byte_size
	.byte	3                       @ DW_AT_decl_file
	.byte	105                     @ DW_AT_decl_line
	.byte	5                       @ Abbrev [5] 0x4b:0xc DW_TAG_member
	.long	.Linfo_string4          @ DW_AT_name
	.long	256                     @ DW_AT_type
	.byte	3                       @ DW_AT_decl_file
	.byte	107                     @ DW_AT_decl_line
	.byte	0                       @ DW_AT_data_member_location
	.byte	5                       @ Abbrev [5] 0x57:0xc DW_TAG_member
	.long	.Linfo_string17         @ DW_AT_name
	.long	419                     @ DW_AT_type
	.byte	3                       @ DW_AT_decl_file
	.byte	109                     @ DW_AT_decl_line
	.byte	4                       @ DW_AT_data_member_location
	.byte	5                       @ Abbrev [5] 0x63:0xc DW_TAG_member
	.long	.Linfo_string30         @ DW_AT_name
	.long	567                     @ DW_AT_type
	.byte	3                       @ DW_AT_decl_file
	.byte	111                     @ DW_AT_decl_line
	.byte	48                      @ DW_AT_data_member_location
	.byte	5                       @ Abbrev [5] 0x6f:0xc DW_TAG_member
	.long	.Linfo_string33         @ DW_AT_name
	.long	590                     @ DW_AT_type
	.byte	3                       @ DW_AT_decl_file
	.byte	113                     @ DW_AT_decl_line
	.byte	52                      @ DW_AT_data_member_location
	.byte	5                       @ Abbrev [5] 0x7b:0xc DW_TAG_member
	.long	.Linfo_string36         @ DW_AT_name
	.long	608                     @ DW_AT_type
	.byte	3                       @ DW_AT_decl_file
	.byte	115                     @ DW_AT_decl_line
	.byte	54                      @ DW_AT_data_member_location
	.byte	5                       @ Abbrev [5] 0x87:0xc DW_TAG_member
	.long	.Linfo_string37         @ DW_AT_name
	.long	567                     @ DW_AT_type
	.byte	3                       @ DW_AT_decl_file
	.byte	117                     @ DW_AT_decl_line
	.byte	56                      @ DW_AT_data_member_location
	.byte	5                       @ Abbrev [5] 0x93:0xc DW_TAG_member
	.long	.Linfo_string38         @ DW_AT_name
	.long	590                     @ DW_AT_type
	.byte	3                       @ DW_AT_decl_file
	.byte	119                     @ DW_AT_decl_line
	.byte	60                      @ DW_AT_data_member_location
	.byte	5                       @ Abbrev [5] 0x9f:0xc DW_TAG_member
	.long	.Linfo_string39         @ DW_AT_name
	.long	608                     @ DW_AT_type
	.byte	3                       @ DW_AT_decl_file
	.byte	121                     @ DW_AT_decl_line
	.byte	62                      @ DW_AT_data_member_location
	.byte	5                       @ Abbrev [5] 0xab:0xc DW_TAG_member
	.long	.Linfo_string40         @ DW_AT_name
	.long	613                     @ DW_AT_type
	.byte	3                       @ DW_AT_decl_file
	.byte	123                     @ DW_AT_decl_line
	.byte	64                      @ DW_AT_data_member_location
	.byte	5                       @ Abbrev [5] 0xb7:0xc DW_TAG_member
	.long	.Linfo_string41         @ DW_AT_name
	.long	613                     @ DW_AT_type
	.byte	3                       @ DW_AT_decl_file
	.byte	125                     @ DW_AT_decl_line
	.byte	68                      @ DW_AT_data_member_location
	.byte	5                       @ Abbrev [5] 0xc3:0xc DW_TAG_member
	.long	.Linfo_string42         @ DW_AT_name
	.long	631                     @ DW_AT_type
	.byte	3                       @ DW_AT_decl_file
	.byte	127                     @ DW_AT_decl_line
	.byte	72                      @ DW_AT_data_member_location
	.byte	5                       @ Abbrev [5] 0xcf:0xc DW_TAG_member
	.long	.Linfo_string85         @ DW_AT_name
	.long	631                     @ DW_AT_type
	.byte	3                       @ DW_AT_decl_file
	.byte	129                     @ DW_AT_decl_line
	.byte	76                      @ DW_AT_data_member_location
	.byte	5                       @ Abbrev [5] 0xdb:0xc DW_TAG_member
	.long	.Linfo_string61         @ DW_AT_name
	.long	1085                    @ DW_AT_type
	.byte	3                       @ DW_AT_decl_file
	.byte	131                     @ DW_AT_decl_line
	.byte	80                      @ DW_AT_data_member_location
	.byte	5                       @ Abbrev [5] 0xe7:0xc DW_TAG_member
	.long	.Linfo_string65         @ DW_AT_name
	.long	1197                    @ DW_AT_type
	.byte	3                       @ DW_AT_decl_file
	.byte	133                     @ DW_AT_decl_line
	.byte	81                      @ DW_AT_data_member_location
	.byte	5                       @ Abbrev [5] 0xf3:0xc DW_TAG_member
	.long	.Linfo_string80         @ DW_AT_name
	.long	396                     @ DW_AT_type
	.byte	3                       @ DW_AT_decl_file
	.byte	135                     @ DW_AT_decl_line
	.byte	84                      @ DW_AT_data_member_location
	.byte	0                       @ End Of Children Mark
	.byte	6                       @ Abbrev [6] 0x100:0x5 DW_TAG_pointer_type
	.long	261                     @ DW_AT_type
	.byte	7                       @ Abbrev [7] 0x105:0xc DW_TAG_typedef
	.long	273                     @ DW_AT_type
	.long	.Linfo_string16         @ DW_AT_name
	.byte	2                       @ DW_AT_decl_file
	.short	738                     @ DW_AT_decl_line
	.byte	8                       @ Abbrev [8] 0x111:0x7b DW_TAG_structure_type
	.byte	36                      @ DW_AT_byte_size
	.byte	2                       @ DW_AT_decl_file
	.short	727                     @ DW_AT_decl_line
	.byte	9                       @ Abbrev [9] 0x116:0xd DW_TAG_member
	.long	.Linfo_string5          @ DW_AT_name
	.long	396                     @ DW_AT_type
	.byte	2                       @ DW_AT_decl_file
	.short	729                     @ DW_AT_decl_line
	.byte	0                       @ DW_AT_data_member_location
	.byte	9                       @ Abbrev [9] 0x123:0xd DW_TAG_member
	.long	.Linfo_string8          @ DW_AT_name
	.long	396                     @ DW_AT_type
	.byte	2                       @ DW_AT_decl_file
	.short	730                     @ DW_AT_decl_line
	.byte	4                       @ DW_AT_data_member_location
	.byte	9                       @ Abbrev [9] 0x130:0xd DW_TAG_member
	.long	.Linfo_string9          @ DW_AT_name
	.long	396                     @ DW_AT_type
	.byte	2                       @ DW_AT_decl_file
	.short	731                     @ DW_AT_decl_line
	.byte	8                       @ DW_AT_data_member_location
	.byte	9                       @ Abbrev [9] 0x13d:0xd DW_TAG_member
	.long	.Linfo_string10         @ DW_AT_name
	.long	396                     @ DW_AT_type
	.byte	2                       @ DW_AT_decl_file
	.short	732                     @ DW_AT_decl_line
	.byte	12                      @ DW_AT_data_member_location
	.byte	9                       @ Abbrev [9] 0x14a:0xd DW_TAG_member
	.long	.Linfo_string11         @ DW_AT_name
	.long	396                     @ DW_AT_type
	.byte	2                       @ DW_AT_decl_file
	.short	733                     @ DW_AT_decl_line
	.byte	16                      @ DW_AT_data_member_location
	.byte	9                       @ Abbrev [9] 0x157:0xd DW_TAG_member
	.long	.Linfo_string12         @ DW_AT_name
	.long	396                     @ DW_AT_type
	.byte	2                       @ DW_AT_decl_file
	.short	734                     @ DW_AT_decl_line
	.byte	20                      @ DW_AT_data_member_location
	.byte	9                       @ Abbrev [9] 0x164:0xd DW_TAG_member
	.long	.Linfo_string13         @ DW_AT_name
	.long	396                     @ DW_AT_type
	.byte	2                       @ DW_AT_decl_file
	.short	735                     @ DW_AT_decl_line
	.byte	24                      @ DW_AT_data_member_location
	.byte	9                       @ Abbrev [9] 0x171:0xd DW_TAG_member
	.long	.Linfo_string14         @ DW_AT_name
	.long	396                     @ DW_AT_type
	.byte	2                       @ DW_AT_decl_file
	.short	736                     @ DW_AT_decl_line
	.byte	28                      @ DW_AT_data_member_location
	.byte	9                       @ Abbrev [9] 0x17e:0xd DW_TAG_member
	.long	.Linfo_string15         @ DW_AT_name
	.long	396                     @ DW_AT_type
	.byte	2                       @ DW_AT_decl_file
	.short	737                     @ DW_AT_decl_line
	.byte	32                      @ DW_AT_data_member_location
	.byte	0                       @ End Of Children Mark
	.byte	10                      @ Abbrev [10] 0x18c:0x5 DW_TAG_volatile_type
	.long	401                     @ DW_AT_type
	.byte	3                       @ Abbrev [3] 0x191:0xb DW_TAG_typedef
	.long	412                     @ DW_AT_type
	.long	.Linfo_string7          @ DW_AT_name
	.byte	1                       @ DW_AT_decl_file
	.byte	64                      @ DW_AT_decl_line
	.byte	11                      @ Abbrev [11] 0x19c:0x7 DW_TAG_base_type
	.long	.Linfo_string6          @ DW_AT_name
	.byte	7                       @ DW_AT_encoding
	.byte	4                       @ DW_AT_byte_size
	.byte	3                       @ Abbrev [3] 0x1a3:0xb DW_TAG_typedef
	.long	430                     @ DW_AT_type
	.long	.Linfo_string29         @ DW_AT_name
	.byte	3                       @ DW_AT_decl_file
	.byte	85                      @ DW_AT_decl_line
	.byte	12                      @ Abbrev [12] 0x1ae:0x89 DW_TAG_structure_type
	.byte	44                      @ DW_AT_byte_size
	.byte	3                       @ DW_AT_decl_file
	.byte	47                      @ DW_AT_decl_line
	.byte	5                       @ Abbrev [5] 0x1b2:0xc DW_TAG_member
	.long	.Linfo_string18         @ DW_AT_name
	.long	401                     @ DW_AT_type
	.byte	3                       @ DW_AT_decl_file
	.byte	49                      @ DW_AT_decl_line
	.byte	0                       @ DW_AT_data_member_location
	.byte	5                       @ Abbrev [5] 0x1be:0xc DW_TAG_member
	.long	.Linfo_string19         @ DW_AT_name
	.long	401                     @ DW_AT_type
	.byte	3                       @ DW_AT_decl_file
	.byte	52                      @ DW_AT_decl_line
	.byte	4                       @ DW_AT_data_member_location
	.byte	5                       @ Abbrev [5] 0x1ca:0xc DW_TAG_member
	.long	.Linfo_string20         @ DW_AT_name
	.long	401                     @ DW_AT_type
	.byte	3                       @ DW_AT_decl_file
	.byte	55                      @ DW_AT_decl_line
	.byte	8                       @ DW_AT_data_member_location
	.byte	5                       @ Abbrev [5] 0x1d6:0xc DW_TAG_member
	.long	.Linfo_string21         @ DW_AT_name
	.long	401                     @ DW_AT_type
	.byte	3                       @ DW_AT_decl_file
	.byte	58                      @ DW_AT_decl_line
	.byte	12                      @ DW_AT_data_member_location
	.byte	5                       @ Abbrev [5] 0x1e2:0xc DW_TAG_member
	.long	.Linfo_string22         @ DW_AT_name
	.long	401                     @ DW_AT_type
	.byte	3                       @ DW_AT_decl_file
	.byte	61                      @ DW_AT_decl_line
	.byte	16                      @ DW_AT_data_member_location
	.byte	5                       @ Abbrev [5] 0x1ee:0xc DW_TAG_member
	.long	.Linfo_string23         @ DW_AT_name
	.long	401                     @ DW_AT_type
	.byte	3                       @ DW_AT_decl_file
	.byte	64                      @ DW_AT_decl_line
	.byte	20                      @ DW_AT_data_member_location
	.byte	5                       @ Abbrev [5] 0x1fa:0xc DW_TAG_member
	.long	.Linfo_string24         @ DW_AT_name
	.long	401                     @ DW_AT_type
	.byte	3                       @ DW_AT_decl_file
	.byte	68                      @ DW_AT_decl_line
	.byte	24                      @ DW_AT_data_member_location
	.byte	5                       @ Abbrev [5] 0x206:0xc DW_TAG_member
	.long	.Linfo_string25         @ DW_AT_name
	.long	401                     @ DW_AT_type
	.byte	3                       @ DW_AT_decl_file
	.byte	74                      @ DW_AT_decl_line
	.byte	28                      @ DW_AT_data_member_location
	.byte	5                       @ Abbrev [5] 0x212:0xc DW_TAG_member
	.long	.Linfo_string26         @ DW_AT_name
	.long	401                     @ DW_AT_type
	.byte	3                       @ DW_AT_decl_file
	.byte	77                      @ DW_AT_decl_line
	.byte	32                      @ DW_AT_data_member_location
	.byte	5                       @ Abbrev [5] 0x21e:0xc DW_TAG_member
	.long	.Linfo_string27         @ DW_AT_name
	.long	401                     @ DW_AT_type
	.byte	3                       @ DW_AT_decl_file
	.byte	80                      @ DW_AT_decl_line
	.byte	36                      @ DW_AT_data_member_location
	.byte	5                       @ Abbrev [5] 0x22a:0xc DW_TAG_member
	.long	.Linfo_string28         @ DW_AT_name
	.long	401                     @ DW_AT_type
	.byte	3                       @ DW_AT_decl_file
	.byte	83                      @ DW_AT_decl_line
	.byte	40                      @ DW_AT_data_member_location
	.byte	0                       @ End Of Children Mark
	.byte	6                       @ Abbrev [6] 0x237:0x5 DW_TAG_pointer_type
	.long	572                     @ DW_AT_type
	.byte	3                       @ Abbrev [3] 0x23c:0xb DW_TAG_typedef
	.long	583                     @ DW_AT_type
	.long	.Linfo_string32         @ DW_AT_name
	.byte	1                       @ DW_AT_decl_file
	.byte	62                      @ DW_AT_decl_line
	.byte	11                      @ Abbrev [11] 0x247:0x7 DW_TAG_base_type
	.long	.Linfo_string31         @ DW_AT_name
	.byte	8                       @ DW_AT_encoding
	.byte	1                       @ DW_AT_byte_size
	.byte	3                       @ Abbrev [3] 0x24e:0xb DW_TAG_typedef
	.long	601                     @ DW_AT_type
	.long	.Linfo_string35         @ DW_AT_name
	.byte	1                       @ DW_AT_decl_file
	.byte	63                      @ DW_AT_decl_line
	.byte	11                      @ Abbrev [11] 0x259:0x7 DW_TAG_base_type
	.long	.Linfo_string34         @ DW_AT_name
	.byte	7                       @ DW_AT_encoding
	.byte	2                       @ DW_AT_byte_size
	.byte	10                      @ Abbrev [10] 0x260:0x5 DW_TAG_volatile_type
	.long	590                     @ DW_AT_type
	.byte	6                       @ Abbrev [6] 0x265:0x5 DW_TAG_pointer_type
	.long	618                     @ DW_AT_type
	.byte	13                      @ Abbrev [13] 0x26a:0x8 DW_TAG_subroutine_type
	.byte	1                       @ DW_AT_prototyped
	.byte	14                      @ Abbrev [14] 0x26c:0x5 DW_TAG_formal_parameter
	.long	626                     @ DW_AT_type
	.byte	0                       @ End Of Children Mark
	.byte	6                       @ Abbrev [6] 0x272:0x5 DW_TAG_pointer_type
	.long	67                      @ DW_AT_type
	.byte	6                       @ Abbrev [6] 0x277:0x5 DW_TAG_pointer_type
	.long	636                     @ DW_AT_type
	.byte	3                       @ Abbrev [3] 0x27c:0xb DW_TAG_typedef
	.long	647                     @ DW_AT_type
	.long	.Linfo_string84         @ DW_AT_name
	.byte	4                       @ DW_AT_decl_file
	.byte	169                     @ DW_AT_decl_line
	.byte	4                       @ Abbrev [4] 0x287:0xb1 DW_TAG_structure_type
	.long	.Linfo_string83         @ DW_AT_name
	.byte	96                      @ DW_AT_byte_size
	.byte	4                       @ DW_AT_decl_file
	.byte	139                     @ DW_AT_decl_line
	.byte	5                       @ Abbrev [5] 0x28f:0xc DW_TAG_member
	.long	.Linfo_string4          @ DW_AT_name
	.long	824                     @ DW_AT_type
	.byte	4                       @ DW_AT_decl_file
	.byte	141                     @ DW_AT_decl_line
	.byte	0                       @ DW_AT_data_member_location
	.byte	5                       @ Abbrev [5] 0x29b:0xc DW_TAG_member
	.long	.Linfo_string17         @ DW_AT_name
	.long	925                     @ DW_AT_type
	.byte	4                       @ DW_AT_decl_file
	.byte	143                     @ DW_AT_decl_line
	.byte	4                       @ DW_AT_data_member_location
	.byte	5                       @ Abbrev [5] 0x2a7:0xc DW_TAG_member
	.long	.Linfo_string61         @ DW_AT_name
	.long	1085                    @ DW_AT_type
	.byte	4                       @ DW_AT_decl_file
	.byte	145                     @ DW_AT_decl_line
	.byte	52                      @ DW_AT_data_member_location
	.byte	5                       @ Abbrev [5] 0x2b3:0xc DW_TAG_member
	.long	.Linfo_string65         @ DW_AT_name
	.long	1117                    @ DW_AT_type
	.byte	4                       @ DW_AT_decl_file
	.byte	147                     @ DW_AT_decl_line
	.byte	53                      @ DW_AT_data_member_location
	.byte	5                       @ Abbrev [5] 0x2bf:0xc DW_TAG_member
	.long	.Linfo_string73         @ DW_AT_name
	.long	1178                    @ DW_AT_type
	.byte	4                       @ DW_AT_decl_file
	.byte	149                     @ DW_AT_decl_line
	.byte	56                      @ DW_AT_data_member_location
	.byte	5                       @ Abbrev [5] 0x2cb:0xc DW_TAG_member
	.long	.Linfo_string74         @ DW_AT_name
	.long	1179                    @ DW_AT_type
	.byte	4                       @ DW_AT_decl_file
	.byte	151                     @ DW_AT_decl_line
	.byte	60                      @ DW_AT_data_member_location
	.byte	5                       @ Abbrev [5] 0x2d7:0xc DW_TAG_member
	.long	.Linfo_string75         @ DW_AT_name
	.long	1179                    @ DW_AT_type
	.byte	4                       @ DW_AT_decl_file
	.byte	153                     @ DW_AT_decl_line
	.byte	64                      @ DW_AT_data_member_location
	.byte	5                       @ Abbrev [5] 0x2e3:0xc DW_TAG_member
	.long	.Linfo_string76         @ DW_AT_name
	.long	1179                    @ DW_AT_type
	.byte	4                       @ DW_AT_decl_file
	.byte	155                     @ DW_AT_decl_line
	.byte	68                      @ DW_AT_data_member_location
	.byte	5                       @ Abbrev [5] 0x2ef:0xc DW_TAG_member
	.long	.Linfo_string77         @ DW_AT_name
	.long	1179                    @ DW_AT_type
	.byte	4                       @ DW_AT_decl_file
	.byte	157                     @ DW_AT_decl_line
	.byte	72                      @ DW_AT_data_member_location
	.byte	5                       @ Abbrev [5] 0x2fb:0xc DW_TAG_member
	.long	.Linfo_string78         @ DW_AT_name
	.long	1179                    @ DW_AT_type
	.byte	4                       @ DW_AT_decl_file
	.byte	159                     @ DW_AT_decl_line
	.byte	76                      @ DW_AT_data_member_location
	.byte	5                       @ Abbrev [5] 0x307:0xc DW_TAG_member
	.long	.Linfo_string79         @ DW_AT_name
	.long	1179                    @ DW_AT_type
	.byte	4                       @ DW_AT_decl_file
	.byte	161                     @ DW_AT_decl_line
	.byte	80                      @ DW_AT_data_member_location
	.byte	5                       @ Abbrev [5] 0x313:0xc DW_TAG_member
	.long	.Linfo_string80         @ DW_AT_name
	.long	396                     @ DW_AT_type
	.byte	4                       @ DW_AT_decl_file
	.byte	163                     @ DW_AT_decl_line
	.byte	84                      @ DW_AT_data_member_location
	.byte	5                       @ Abbrev [5] 0x31f:0xc DW_TAG_member
	.long	.Linfo_string81         @ DW_AT_name
	.long	401                     @ DW_AT_type
	.byte	4                       @ DW_AT_decl_file
	.byte	165                     @ DW_AT_decl_line
	.byte	88                      @ DW_AT_data_member_location
	.byte	5                       @ Abbrev [5] 0x32b:0xc DW_TAG_member
	.long	.Linfo_string82         @ DW_AT_name
	.long	401                     @ DW_AT_type
	.byte	4                       @ DW_AT_decl_file
	.byte	167                     @ DW_AT_decl_line
	.byte	92                      @ DW_AT_data_member_location
	.byte	0                       @ End Of Children Mark
	.byte	6                       @ Abbrev [6] 0x338:0x5 DW_TAG_pointer_type
	.long	829                     @ DW_AT_type
	.byte	7                       @ Abbrev [7] 0x33d:0xc DW_TAG_typedef
	.long	841                     @ DW_AT_type
	.long	.Linfo_string49         @ DW_AT_name
	.byte	2                       @ DW_AT_decl_file
	.short	370                     @ DW_AT_decl_line
	.byte	8                       @ Abbrev [8] 0x349:0x54 DW_TAG_structure_type
	.byte	24                      @ DW_AT_byte_size
	.byte	2                       @ DW_AT_decl_file
	.short	362                     @ DW_AT_decl_line
	.byte	9                       @ Abbrev [9] 0x34e:0xd DW_TAG_member
	.long	.Linfo_string43         @ DW_AT_name
	.long	396                     @ DW_AT_type
	.byte	2                       @ DW_AT_decl_file
	.short	364                     @ DW_AT_decl_line
	.byte	0                       @ DW_AT_data_member_location
	.byte	9                       @ Abbrev [9] 0x35b:0xd DW_TAG_member
	.long	.Linfo_string44         @ DW_AT_name
	.long	396                     @ DW_AT_type
	.byte	2                       @ DW_AT_decl_file
	.short	365                     @ DW_AT_decl_line
	.byte	4                       @ DW_AT_data_member_location
	.byte	9                       @ Abbrev [9] 0x368:0xd DW_TAG_member
	.long	.Linfo_string45         @ DW_AT_name
	.long	396                     @ DW_AT_type
	.byte	2                       @ DW_AT_decl_file
	.short	366                     @ DW_AT_decl_line
	.byte	8                       @ DW_AT_data_member_location
	.byte	9                       @ Abbrev [9] 0x375:0xd DW_TAG_member
	.long	.Linfo_string46         @ DW_AT_name
	.long	396                     @ DW_AT_type
	.byte	2                       @ DW_AT_decl_file
	.short	367                     @ DW_AT_decl_line
	.byte	12                      @ DW_AT_data_member_location
	.byte	9                       @ Abbrev [9] 0x382:0xd DW_TAG_member
	.long	.Linfo_string47         @ DW_AT_name
	.long	396                     @ DW_AT_type
	.byte	2                       @ DW_AT_decl_file
	.short	368                     @ DW_AT_decl_line
	.byte	16                      @ DW_AT_data_member_location
	.byte	9                       @ Abbrev [9] 0x38f:0xd DW_TAG_member
	.long	.Linfo_string48         @ DW_AT_name
	.long	396                     @ DW_AT_type
	.byte	2                       @ DW_AT_decl_file
	.short	369                     @ DW_AT_decl_line
	.byte	20                      @ DW_AT_data_member_location
	.byte	0                       @ End Of Children Mark
	.byte	3                       @ Abbrev [3] 0x39d:0xb DW_TAG_typedef
	.long	936                     @ DW_AT_type
	.long	.Linfo_string60         @ DW_AT_name
	.byte	4                       @ DW_AT_decl_file
	.byte	97                      @ DW_AT_decl_line
	.byte	12                      @ Abbrev [12] 0x3a8:0x95 DW_TAG_structure_type
	.byte	48                      @ DW_AT_byte_size
	.byte	4                       @ DW_AT_decl_file
	.byte	49                      @ DW_AT_decl_line
	.byte	5                       @ Abbrev [5] 0x3ac:0xc DW_TAG_member
	.long	.Linfo_string50         @ DW_AT_name
	.long	401                     @ DW_AT_type
	.byte	4                       @ DW_AT_decl_file
	.byte	51                      @ DW_AT_decl_line
	.byte	0                       @ DW_AT_data_member_location
	.byte	5                       @ Abbrev [5] 0x3b8:0xc DW_TAG_member
	.long	.Linfo_string19         @ DW_AT_name
	.long	401                     @ DW_AT_type
	.byte	4                       @ DW_AT_decl_file
	.byte	54                      @ DW_AT_decl_line
	.byte	4                       @ DW_AT_data_member_location
	.byte	5                       @ Abbrev [5] 0x3c4:0xc DW_TAG_member
	.long	.Linfo_string51         @ DW_AT_name
	.long	401                     @ DW_AT_type
	.byte	4                       @ DW_AT_decl_file
	.byte	58                      @ DW_AT_decl_line
	.byte	8                       @ DW_AT_data_member_location
	.byte	5                       @ Abbrev [5] 0x3d0:0xc DW_TAG_member
	.long	.Linfo_string52         @ DW_AT_name
	.long	401                     @ DW_AT_type
	.byte	4                       @ DW_AT_decl_file
	.byte	61                      @ DW_AT_decl_line
	.byte	12                      @ DW_AT_data_member_location
	.byte	5                       @ Abbrev [5] 0x3dc:0xc DW_TAG_member
	.long	.Linfo_string53         @ DW_AT_name
	.long	401                     @ DW_AT_type
	.byte	4                       @ DW_AT_decl_file
	.byte	64                      @ DW_AT_decl_line
	.byte	16                      @ DW_AT_data_member_location
	.byte	5                       @ Abbrev [5] 0x3e8:0xc DW_TAG_member
	.long	.Linfo_string54         @ DW_AT_name
	.long	401                     @ DW_AT_type
	.byte	4                       @ DW_AT_decl_file
	.byte	67                      @ DW_AT_decl_line
	.byte	20                      @ DW_AT_data_member_location
	.byte	5                       @ Abbrev [5] 0x3f4:0xc DW_TAG_member
	.long	.Linfo_string18         @ DW_AT_name
	.long	401                     @ DW_AT_type
	.byte	4                       @ DW_AT_decl_file
	.byte	70                      @ DW_AT_decl_line
	.byte	24                      @ DW_AT_data_member_location
	.byte	5                       @ Abbrev [5] 0x400:0xc DW_TAG_member
	.long	.Linfo_string55         @ DW_AT_name
	.long	401                     @ DW_AT_type
	.byte	4                       @ DW_AT_decl_file
	.byte	75                      @ DW_AT_decl_line
	.byte	28                      @ DW_AT_data_member_location
	.byte	5                       @ Abbrev [5] 0x40c:0xc DW_TAG_member
	.long	.Linfo_string56         @ DW_AT_name
	.long	401                     @ DW_AT_type
	.byte	4                       @ DW_AT_decl_file
	.byte	78                      @ DW_AT_decl_line
	.byte	32                      @ DW_AT_data_member_location
	.byte	5                       @ Abbrev [5] 0x418:0xc DW_TAG_member
	.long	.Linfo_string57         @ DW_AT_name
	.long	401                     @ DW_AT_type
	.byte	4                       @ DW_AT_decl_file
	.byte	83                      @ DW_AT_decl_line
	.byte	36                      @ DW_AT_data_member_location
	.byte	5                       @ Abbrev [5] 0x424:0xc DW_TAG_member
	.long	.Linfo_string58         @ DW_AT_name
	.long	401                     @ DW_AT_type
	.byte	4                       @ DW_AT_decl_file
	.byte	86                      @ DW_AT_decl_line
	.byte	40                      @ DW_AT_data_member_location
	.byte	5                       @ Abbrev [5] 0x430:0xc DW_TAG_member
	.long	.Linfo_string59         @ DW_AT_name
	.long	401                     @ DW_AT_type
	.byte	4                       @ DW_AT_decl_file
	.byte	92                      @ DW_AT_decl_line
	.byte	44                      @ DW_AT_data_member_location
	.byte	0                       @ End Of Children Mark
	.byte	3                       @ Abbrev [3] 0x43d:0xb DW_TAG_typedef
	.long	1096                    @ DW_AT_type
	.long	.Linfo_string64         @ DW_AT_name
	.byte	5                       @ DW_AT_decl_file
	.byte	54                      @ DW_AT_decl_line
	.byte	15                      @ Abbrev [15] 0x448:0x15 DW_TAG_enumeration_type
	.long	583                     @ DW_AT_type
	.byte	1                       @ DW_AT_byte_size
	.byte	5                       @ DW_AT_decl_file
	.byte	50                      @ DW_AT_decl_line
	.byte	16                      @ Abbrev [16] 0x450:0x6 DW_TAG_enumerator
	.long	.Linfo_string62         @ DW_AT_name
	.byte	0                       @ DW_AT_const_value
	.byte	16                      @ Abbrev [16] 0x456:0x6 DW_TAG_enumerator
	.long	.Linfo_string63         @ DW_AT_name
	.byte	1                       @ DW_AT_const_value
	.byte	0                       @ End Of Children Mark
	.byte	10                      @ Abbrev [10] 0x45d:0x5 DW_TAG_volatile_type
	.long	1122                    @ DW_AT_type
	.byte	3                       @ Abbrev [3] 0x462:0xb DW_TAG_typedef
	.long	1133                    @ DW_AT_type
	.long	.Linfo_string72         @ DW_AT_name
	.byte	4                       @ DW_AT_decl_file
	.byte	111                     @ DW_AT_decl_line
	.byte	15                      @ Abbrev [15] 0x46d:0x2d DW_TAG_enumeration_type
	.long	583                     @ DW_AT_type
	.byte	1                       @ DW_AT_byte_size
	.byte	4                       @ DW_AT_decl_file
	.byte	103                     @ DW_AT_decl_line
	.byte	16                      @ Abbrev [16] 0x475:0x6 DW_TAG_enumerator
	.long	.Linfo_string66         @ DW_AT_name
	.byte	0                       @ DW_AT_const_value
	.byte	16                      @ Abbrev [16] 0x47b:0x6 DW_TAG_enumerator
	.long	.Linfo_string67         @ DW_AT_name
	.byte	1                       @ DW_AT_const_value
	.byte	16                      @ Abbrev [16] 0x481:0x6 DW_TAG_enumerator
	.long	.Linfo_string68         @ DW_AT_name
	.byte	2                       @ DW_AT_const_value
	.byte	16                      @ Abbrev [16] 0x487:0x6 DW_TAG_enumerator
	.long	.Linfo_string69         @ DW_AT_name
	.byte	3                       @ DW_AT_const_value
	.byte	16                      @ Abbrev [16] 0x48d:0x6 DW_TAG_enumerator
	.long	.Linfo_string70         @ DW_AT_name
	.byte	4                       @ DW_AT_const_value
	.byte	16                      @ Abbrev [16] 0x493:0x6 DW_TAG_enumerator
	.long	.Linfo_string71         @ DW_AT_name
	.byte	5                       @ DW_AT_const_value
	.byte	0                       @ End Of Children Mark
	.byte	17                      @ Abbrev [17] 0x49a:0x1 DW_TAG_pointer_type
	.byte	6                       @ Abbrev [6] 0x49b:0x5 DW_TAG_pointer_type
	.long	1184                    @ DW_AT_type
	.byte	13                      @ Abbrev [13] 0x4a0:0x8 DW_TAG_subroutine_type
	.byte	1                       @ DW_AT_prototyped
	.byte	14                      @ Abbrev [14] 0x4a2:0x5 DW_TAG_formal_parameter
	.long	1192                    @ DW_AT_type
	.byte	0                       @ End Of Children Mark
	.byte	6                       @ Abbrev [6] 0x4a8:0x5 DW_TAG_pointer_type
	.long	647                     @ DW_AT_type
	.byte	10                      @ Abbrev [10] 0x4ad:0x5 DW_TAG_volatile_type
	.long	1202                    @ DW_AT_type
	.byte	3                       @ Abbrev [3] 0x4b2:0xb DW_TAG_typedef
	.long	1213                    @ DW_AT_type
	.long	.Linfo_string94         @ DW_AT_name
	.byte	3                       @ DW_AT_decl_file
	.byte	100                     @ DW_AT_decl_line
	.byte	15                      @ Abbrev [15] 0x4bd:0x39 DW_TAG_enumeration_type
	.long	583                     @ DW_AT_type
	.byte	1                       @ DW_AT_byte_size
	.byte	3                       @ DW_AT_decl_file
	.byte	90                      @ DW_AT_decl_line
	.byte	16                      @ Abbrev [16] 0x4c5:0x6 DW_TAG_enumerator
	.long	.Linfo_string86         @ DW_AT_name
	.byte	0                       @ DW_AT_const_value
	.byte	16                      @ Abbrev [16] 0x4cb:0x6 DW_TAG_enumerator
	.long	.Linfo_string87         @ DW_AT_name
	.byte	1                       @ DW_AT_const_value
	.byte	16                      @ Abbrev [16] 0x4d1:0x6 DW_TAG_enumerator
	.long	.Linfo_string88         @ DW_AT_name
	.byte	2                       @ DW_AT_const_value
	.byte	16                      @ Abbrev [16] 0x4d7:0x6 DW_TAG_enumerator
	.long	.Linfo_string89         @ DW_AT_name
	.byte	3                       @ DW_AT_const_value
	.byte	16                      @ Abbrev [16] 0x4dd:0x6 DW_TAG_enumerator
	.long	.Linfo_string90         @ DW_AT_name
	.byte	4                       @ DW_AT_const_value
	.byte	16                      @ Abbrev [16] 0x4e3:0x6 DW_TAG_enumerator
	.long	.Linfo_string91         @ DW_AT_name
	.byte	5                       @ DW_AT_const_value
	.byte	16                      @ Abbrev [16] 0x4e9:0x6 DW_TAG_enumerator
	.long	.Linfo_string92         @ DW_AT_name
	.byte	6                       @ DW_AT_const_value
	.byte	16                      @ Abbrev [16] 0x4ef:0x6 DW_TAG_enumerator
	.long	.Linfo_string93         @ DW_AT_name
	.byte	7                       @ DW_AT_const_value
	.byte	0                       @ End Of Children Mark
	.byte	15                      @ Abbrev [15] 0x4f6:0x21 DW_TAG_enumeration_type
	.long	583                     @ DW_AT_type
	.byte	1                       @ DW_AT_byte_size
	.byte	5                       @ DW_AT_decl_file
	.byte	39                      @ DW_AT_decl_line
	.byte	16                      @ Abbrev [16] 0x4fe:0x6 DW_TAG_enumerator
	.long	.Linfo_string97         @ DW_AT_name
	.byte	0                       @ DW_AT_const_value
	.byte	16                      @ Abbrev [16] 0x504:0x6 DW_TAG_enumerator
	.long	.Linfo_string98         @ DW_AT_name
	.byte	1                       @ DW_AT_const_value
	.byte	16                      @ Abbrev [16] 0x50a:0x6 DW_TAG_enumerator
	.long	.Linfo_string99         @ DW_AT_name
	.byte	2                       @ DW_AT_const_value
	.byte	16                      @ Abbrev [16] 0x510:0x6 DW_TAG_enumerator
	.long	.Linfo_string100        @ DW_AT_name
	.byte	3                       @ DW_AT_const_value
	.byte	0                       @ End Of Children Mark
	.byte	6                       @ Abbrev [6] 0x517:0x5 DW_TAG_pointer_type
	.long	1308                    @ DW_AT_type
	.byte	7                       @ Abbrev [7] 0x51c:0xc DW_TAG_typedef
	.long	1320                    @ DW_AT_type
	.long	.Linfo_string131        @ DW_AT_name
	.byte	2                       @ DW_AT_decl_file
	.short	645                     @ DW_AT_decl_line
	.byte	8                       @ Abbrev [8] 0x528:0x18c DW_TAG_structure_type
	.byte	136                     @ DW_AT_byte_size
	.byte	2                       @ DW_AT_decl_file
	.short	613                     @ DW_AT_decl_line
	.byte	9                       @ Abbrev [9] 0x52d:0xd DW_TAG_member
	.long	.Linfo_string43         @ DW_AT_name
	.long	396                     @ DW_AT_type
	.byte	2                       @ DW_AT_decl_file
	.short	615                     @ DW_AT_decl_line
	.byte	0                       @ DW_AT_data_member_location
	.byte	9                       @ Abbrev [9] 0x53a:0xd DW_TAG_member
	.long	.Linfo_string101        @ DW_AT_name
	.long	396                     @ DW_AT_type
	.byte	2                       @ DW_AT_decl_file
	.short	616                     @ DW_AT_decl_line
	.byte	4                       @ DW_AT_data_member_location
	.byte	9                       @ Abbrev [9] 0x547:0xd DW_TAG_member
	.long	.Linfo_string102        @ DW_AT_name
	.long	396                     @ DW_AT_type
	.byte	2                       @ DW_AT_decl_file
	.short	617                     @ DW_AT_decl_line
	.byte	8                       @ DW_AT_data_member_location
	.byte	9                       @ Abbrev [9] 0x554:0xd DW_TAG_member
	.long	.Linfo_string103        @ DW_AT_name
	.long	396                     @ DW_AT_type
	.byte	2                       @ DW_AT_decl_file
	.short	618                     @ DW_AT_decl_line
	.byte	12                      @ DW_AT_data_member_location
	.byte	9                       @ Abbrev [9] 0x561:0xd DW_TAG_member
	.long	.Linfo_string104        @ DW_AT_name
	.long	396                     @ DW_AT_type
	.byte	2                       @ DW_AT_decl_file
	.short	619                     @ DW_AT_decl_line
	.byte	16                      @ DW_AT_data_member_location
	.byte	9                       @ Abbrev [9] 0x56e:0xd DW_TAG_member
	.long	.Linfo_string105        @ DW_AT_name
	.long	396                     @ DW_AT_type
	.byte	2                       @ DW_AT_decl_file
	.short	620                     @ DW_AT_decl_line
	.byte	20                      @ DW_AT_data_member_location
	.byte	9                       @ Abbrev [9] 0x57b:0xd DW_TAG_member
	.long	.Linfo_string106        @ DW_AT_name
	.long	396                     @ DW_AT_type
	.byte	2                       @ DW_AT_decl_file
	.short	621                     @ DW_AT_decl_line
	.byte	24                      @ DW_AT_data_member_location
	.byte	9                       @ Abbrev [9] 0x588:0xd DW_TAG_member
	.long	.Linfo_string107        @ DW_AT_name
	.long	401                     @ DW_AT_type
	.byte	2                       @ DW_AT_decl_file
	.short	622                     @ DW_AT_decl_line
	.byte	28                      @ DW_AT_data_member_location
	.byte	9                       @ Abbrev [9] 0x595:0xd DW_TAG_member
	.long	.Linfo_string108        @ DW_AT_name
	.long	396                     @ DW_AT_type
	.byte	2                       @ DW_AT_decl_file
	.short	623                     @ DW_AT_decl_line
	.byte	32                      @ DW_AT_data_member_location
	.byte	9                       @ Abbrev [9] 0x5a2:0xd DW_TAG_member
	.long	.Linfo_string109        @ DW_AT_name
	.long	396                     @ DW_AT_type
	.byte	2                       @ DW_AT_decl_file
	.short	624                     @ DW_AT_decl_line
	.byte	36                      @ DW_AT_data_member_location
	.byte	9                       @ Abbrev [9] 0x5af:0xd DW_TAG_member
	.long	.Linfo_string110        @ DW_AT_name
	.long	1716                    @ DW_AT_type
	.byte	2                       @ DW_AT_decl_file
	.short	625                     @ DW_AT_decl_line
	.byte	40                      @ DW_AT_data_member_location
	.byte	9                       @ Abbrev [9] 0x5bc:0xd DW_TAG_member
	.long	.Linfo_string112        @ DW_AT_name
	.long	396                     @ DW_AT_type
	.byte	2                       @ DW_AT_decl_file
	.short	626                     @ DW_AT_decl_line
	.byte	48                      @ DW_AT_data_member_location
	.byte	9                       @ Abbrev [9] 0x5c9:0xd DW_TAG_member
	.long	.Linfo_string113        @ DW_AT_name
	.long	396                     @ DW_AT_type
	.byte	2                       @ DW_AT_decl_file
	.short	627                     @ DW_AT_decl_line
	.byte	52                      @ DW_AT_data_member_location
	.byte	9                       @ Abbrev [9] 0x5d6:0xd DW_TAG_member
	.long	.Linfo_string114        @ DW_AT_name
	.long	396                     @ DW_AT_type
	.byte	2                       @ DW_AT_decl_file
	.short	628                     @ DW_AT_decl_line
	.byte	56                      @ DW_AT_data_member_location
	.byte	9                       @ Abbrev [9] 0x5e3:0xd DW_TAG_member
	.long	.Linfo_string115        @ DW_AT_name
	.long	401                     @ DW_AT_type
	.byte	2                       @ DW_AT_decl_file
	.short	629                     @ DW_AT_decl_line
	.byte	60                      @ DW_AT_data_member_location
	.byte	9                       @ Abbrev [9] 0x5f0:0xd DW_TAG_member
	.long	.Linfo_string116        @ DW_AT_name
	.long	396                     @ DW_AT_type
	.byte	2                       @ DW_AT_decl_file
	.short	630                     @ DW_AT_decl_line
	.byte	64                      @ DW_AT_data_member_location
	.byte	9                       @ Abbrev [9] 0x5fd:0xd DW_TAG_member
	.long	.Linfo_string117        @ DW_AT_name
	.long	396                     @ DW_AT_type
	.byte	2                       @ DW_AT_decl_file
	.short	631                     @ DW_AT_decl_line
	.byte	68                      @ DW_AT_data_member_location
	.byte	9                       @ Abbrev [9] 0x60a:0xd DW_TAG_member
	.long	.Linfo_string118        @ DW_AT_name
	.long	1716                    @ DW_AT_type
	.byte	2                       @ DW_AT_decl_file
	.short	632                     @ DW_AT_decl_line
	.byte	72                      @ DW_AT_data_member_location
	.byte	9                       @ Abbrev [9] 0x617:0xd DW_TAG_member
	.long	.Linfo_string119        @ DW_AT_name
	.long	396                     @ DW_AT_type
	.byte	2                       @ DW_AT_decl_file
	.short	633                     @ DW_AT_decl_line
	.byte	80                      @ DW_AT_data_member_location
	.byte	9                       @ Abbrev [9] 0x624:0xd DW_TAG_member
	.long	.Linfo_string120        @ DW_AT_name
	.long	396                     @ DW_AT_type
	.byte	2                       @ DW_AT_decl_file
	.short	634                     @ DW_AT_decl_line
	.byte	84                      @ DW_AT_data_member_location
	.byte	9                       @ Abbrev [9] 0x631:0xd DW_TAG_member
	.long	.Linfo_string121        @ DW_AT_name
	.long	396                     @ DW_AT_type
	.byte	2                       @ DW_AT_decl_file
	.short	635                     @ DW_AT_decl_line
	.byte	88                      @ DW_AT_data_member_location
	.byte	9                       @ Abbrev [9] 0x63e:0xd DW_TAG_member
	.long	.Linfo_string122        @ DW_AT_name
	.long	401                     @ DW_AT_type
	.byte	2                       @ DW_AT_decl_file
	.short	636                     @ DW_AT_decl_line
	.byte	92                      @ DW_AT_data_member_location
	.byte	9                       @ Abbrev [9] 0x64b:0xd DW_TAG_member
	.long	.Linfo_string123        @ DW_AT_name
	.long	396                     @ DW_AT_type
	.byte	2                       @ DW_AT_decl_file
	.short	637                     @ DW_AT_decl_line
	.byte	96                      @ DW_AT_data_member_location
	.byte	9                       @ Abbrev [9] 0x658:0xd DW_TAG_member
	.long	.Linfo_string124        @ DW_AT_name
	.long	396                     @ DW_AT_type
	.byte	2                       @ DW_AT_decl_file
	.short	638                     @ DW_AT_decl_line
	.byte	100                     @ DW_AT_data_member_location
	.byte	9                       @ Abbrev [9] 0x665:0xd DW_TAG_member
	.long	.Linfo_string125        @ DW_AT_name
	.long	1716                    @ DW_AT_type
	.byte	2                       @ DW_AT_decl_file
	.short	639                     @ DW_AT_decl_line
	.byte	104                     @ DW_AT_data_member_location
	.byte	9                       @ Abbrev [9] 0x672:0xd DW_TAG_member
	.long	.Linfo_string126        @ DW_AT_name
	.long	396                     @ DW_AT_type
	.byte	2                       @ DW_AT_decl_file
	.short	640                     @ DW_AT_decl_line
	.byte	112                     @ DW_AT_data_member_location
	.byte	9                       @ Abbrev [9] 0x67f:0xd DW_TAG_member
	.long	.Linfo_string127        @ DW_AT_name
	.long	396                     @ DW_AT_type
	.byte	2                       @ DW_AT_decl_file
	.short	641                     @ DW_AT_decl_line
	.byte	116                     @ DW_AT_data_member_location
	.byte	9                       @ Abbrev [9] 0x68c:0xd DW_TAG_member
	.long	.Linfo_string128        @ DW_AT_name
	.long	1716                    @ DW_AT_type
	.byte	2                       @ DW_AT_decl_file
	.short	642                     @ DW_AT_decl_line
	.byte	120                     @ DW_AT_data_member_location
	.byte	9                       @ Abbrev [9] 0x699:0xd DW_TAG_member
	.long	.Linfo_string129        @ DW_AT_name
	.long	396                     @ DW_AT_type
	.byte	2                       @ DW_AT_decl_file
	.short	643                     @ DW_AT_decl_line
	.byte	128                     @ DW_AT_data_member_location
	.byte	9                       @ Abbrev [9] 0x6a6:0xd DW_TAG_member
	.long	.Linfo_string130        @ DW_AT_name
	.long	396                     @ DW_AT_type
	.byte	2                       @ DW_AT_decl_file
	.short	644                     @ DW_AT_decl_line
	.byte	132                     @ DW_AT_data_member_location
	.byte	0                       @ End Of Children Mark
	.byte	18                      @ Abbrev [18] 0x6b4:0xc DW_TAG_array_type
	.long	401                     @ DW_AT_type
	.byte	19                      @ Abbrev [19] 0x6b9:0x6 DW_TAG_subrange_type
	.long	1728                    @ DW_AT_type
	.byte	2                       @ DW_AT_count
	.byte	0                       @ End Of Children Mark
	.byte	20                      @ Abbrev [20] 0x6c0:0x7 DW_TAG_base_type
	.long	.Linfo_string111        @ DW_AT_name
	.byte	8                       @ DW_AT_byte_size
	.byte	7                       @ DW_AT_encoding
	.byte	6                       @ Abbrev [6] 0x6c7:0x5 DW_TAG_pointer_type
	.long	1740                    @ DW_AT_type
	.byte	7                       @ Abbrev [7] 0x6cc:0xc DW_TAG_typedef
	.long	1752                    @ DW_AT_type
	.long	.Linfo_string141        @ DW_AT_name
	.byte	2                       @ DW_AT_decl_file
	.short	554                     @ DW_AT_decl_line
	.byte	8                       @ Abbrev [8] 0x6d8:0x7b DW_TAG_structure_type
	.byte	40                      @ DW_AT_byte_size
	.byte	2                       @ DW_AT_decl_file
	.short	543                     @ DW_AT_decl_line
	.byte	9                       @ Abbrev [9] 0x6dd:0xd DW_TAG_member
	.long	.Linfo_string132        @ DW_AT_name
	.long	396                     @ DW_AT_type
	.byte	2                       @ DW_AT_decl_file
	.short	545                     @ DW_AT_decl_line
	.byte	0                       @ DW_AT_data_member_location
	.byte	9                       @ Abbrev [9] 0x6ea:0xd DW_TAG_member
	.long	.Linfo_string133        @ DW_AT_name
	.long	396                     @ DW_AT_type
	.byte	2                       @ DW_AT_decl_file
	.short	546                     @ DW_AT_decl_line
	.byte	4                       @ DW_AT_data_member_location
	.byte	9                       @ Abbrev [9] 0x6f7:0xd DW_TAG_member
	.long	.Linfo_string134        @ DW_AT_name
	.long	396                     @ DW_AT_type
	.byte	2                       @ DW_AT_decl_file
	.short	547                     @ DW_AT_decl_line
	.byte	8                       @ DW_AT_data_member_location
	.byte	9                       @ Abbrev [9] 0x704:0xd DW_TAG_member
	.long	.Linfo_string135        @ DW_AT_name
	.long	396                     @ DW_AT_type
	.byte	2                       @ DW_AT_decl_file
	.short	548                     @ DW_AT_decl_line
	.byte	12                      @ DW_AT_data_member_location
	.byte	9                       @ Abbrev [9] 0x711:0xd DW_TAG_member
	.long	.Linfo_string136        @ DW_AT_name
	.long	396                     @ DW_AT_type
	.byte	2                       @ DW_AT_decl_file
	.short	549                     @ DW_AT_decl_line
	.byte	16                      @ DW_AT_data_member_location
	.byte	9                       @ Abbrev [9] 0x71e:0xd DW_TAG_member
	.long	.Linfo_string137        @ DW_AT_name
	.long	396                     @ DW_AT_type
	.byte	2                       @ DW_AT_decl_file
	.short	550                     @ DW_AT_decl_line
	.byte	20                      @ DW_AT_data_member_location
	.byte	9                       @ Abbrev [9] 0x72b:0xd DW_TAG_member
	.long	.Linfo_string138        @ DW_AT_name
	.long	396                     @ DW_AT_type
	.byte	2                       @ DW_AT_decl_file
	.short	551                     @ DW_AT_decl_line
	.byte	24                      @ DW_AT_data_member_location
	.byte	9                       @ Abbrev [9] 0x738:0xd DW_TAG_member
	.long	.Linfo_string139        @ DW_AT_name
	.long	396                     @ DW_AT_type
	.byte	2                       @ DW_AT_decl_file
	.short	552                     @ DW_AT_decl_line
	.byte	28                      @ DW_AT_data_member_location
	.byte	9                       @ Abbrev [9] 0x745:0xd DW_TAG_member
	.long	.Linfo_string140        @ DW_AT_name
	.long	1875                    @ DW_AT_type
	.byte	2                       @ DW_AT_decl_file
	.short	553                     @ DW_AT_decl_line
	.byte	32                      @ DW_AT_data_member_location
	.byte	0                       @ End Of Children Mark
	.byte	18                      @ Abbrev [18] 0x753:0xc DW_TAG_array_type
	.long	396                     @ DW_AT_type
	.byte	19                      @ Abbrev [19] 0x758:0x6 DW_TAG_subrange_type
	.long	1728                    @ DW_AT_type
	.byte	2                       @ DW_AT_count
	.byte	0                       @ End Of Children Mark
	.byte	21                      @ Abbrev [21] 0x75f:0x13 DW_TAG_subprogram
	.long	.Lfunc_begin0           @ DW_AT_low_pc
	.long	.Lfunc_end0             @ DW_AT_high_pc
	.byte	1                       @ DW_AT_frame_base
	.byte	93
	.long	.Linfo_string142        @ DW_AT_name
	.byte	6                       @ DW_AT_decl_file
	.byte	30                      @ DW_AT_decl_line
	.byte	1                       @ DW_AT_prototyped
	.byte	1                       @ DW_AT_external
	.byte	22                      @ Abbrev [22] 0x772:0x60 DW_TAG_subprogram
	.long	.Lfunc_begin1           @ DW_AT_low_pc
	.long	.Lfunc_end1             @ DW_AT_high_pc
	.byte	1                       @ DW_AT_frame_base
	.byte	93
	.long	.Linfo_string143        @ DW_AT_name
	.byte	6                       @ DW_AT_decl_file
	.byte	52                      @ DW_AT_decl_line
	.byte	1                       @ DW_AT_prototyped
	.byte	1                       @ DW_AT_external
	.byte	23                      @ Abbrev [23] 0x785:0xe DW_TAG_formal_parameter
	.byte	2                       @ DW_AT_location
	.byte	145
	.byte	44
	.long	.Linfo_string145        @ DW_AT_name
	.byte	6                       @ DW_AT_decl_file
	.byte	52                      @ DW_AT_decl_line
	.long	2036                    @ DW_AT_type
	.byte	24                      @ Abbrev [24] 0x793:0xe DW_TAG_variable
	.byte	2                       @ DW_AT_location
	.byte	145
	.byte	24
	.long	.Linfo_string146        @ DW_AT_name
	.byte	6                       @ DW_AT_decl_file
	.byte	55                      @ DW_AT_decl_line
	.long	2041                    @ DW_AT_type
	.byte	25                      @ Abbrev [25] 0x7a1:0x18 DW_TAG_lexical_block
	.long	.Ltmp10                 @ DW_AT_low_pc
	.long	.Ltmp11                 @ DW_AT_high_pc
	.byte	24                      @ Abbrev [24] 0x7aa:0xe DW_TAG_variable
	.byte	2                       @ DW_AT_location
	.byte	145
	.byte	20
	.long	.Linfo_string152        @ DW_AT_name
	.byte	6                       @ DW_AT_decl_file
	.byte	62                      @ DW_AT_decl_line
	.long	396                     @ DW_AT_type
	.byte	0                       @ End Of Children Mark
	.byte	25                      @ Abbrev [25] 0x7b9:0x18 DW_TAG_lexical_block
	.long	.Ltmp12                 @ DW_AT_low_pc
	.long	.Ltmp13                 @ DW_AT_high_pc
	.byte	24                      @ Abbrev [24] 0x7c2:0xe DW_TAG_variable
	.byte	2                       @ DW_AT_location
	.byte	145
	.byte	16
	.long	.Linfo_string152        @ DW_AT_name
	.byte	6                       @ DW_AT_decl_file
	.byte	64                      @ DW_AT_decl_line
	.long	396                     @ DW_AT_type
	.byte	0                       @ End Of Children Mark
	.byte	0                       @ End Of Children Mark
	.byte	22                      @ Abbrev [22] 0x7d2:0x22 DW_TAG_subprogram
	.long	.Lfunc_begin2           @ DW_AT_low_pc
	.long	.Lfunc_end2             @ DW_AT_high_pc
	.byte	1                       @ DW_AT_frame_base
	.byte	93
	.long	.Linfo_string144        @ DW_AT_name
	.byte	6                       @ DW_AT_decl_file
	.byte	83                      @ DW_AT_decl_line
	.byte	1                       @ DW_AT_prototyped
	.byte	1                       @ DW_AT_external
	.byte	23                      @ Abbrev [23] 0x7e5:0xe DW_TAG_formal_parameter
	.byte	2                       @ DW_AT_location
	.byte	145
	.byte	4
	.long	.Linfo_string145        @ DW_AT_name
	.byte	6                       @ DW_AT_decl_file
	.byte	83                      @ DW_AT_decl_line
	.long	2036                    @ DW_AT_type
	.byte	0                       @ End Of Children Mark
	.byte	6                       @ Abbrev [6] 0x7f4:0x5 DW_TAG_pointer_type
	.long	56                      @ DW_AT_type
	.byte	3                       @ Abbrev [3] 0x7f9:0xb DW_TAG_typedef
	.long	2052                    @ DW_AT_type
	.long	.Linfo_string151        @ DW_AT_name
	.byte	7                       @ DW_AT_decl_file
	.byte	63                      @ DW_AT_decl_line
	.byte	12                      @ Abbrev [12] 0x804:0x41 DW_TAG_structure_type
	.byte	20                      @ DW_AT_byte_size
	.byte	7                       @ DW_AT_decl_file
	.byte	47                      @ DW_AT_decl_line
	.byte	5                       @ Abbrev [5] 0x808:0xc DW_TAG_member
	.long	.Linfo_string147        @ DW_AT_name
	.long	401                     @ DW_AT_type
	.byte	7                       @ DW_AT_decl_file
	.byte	49                      @ DW_AT_decl_line
	.byte	0                       @ DW_AT_data_member_location
	.byte	5                       @ Abbrev [5] 0x814:0xc DW_TAG_member
	.long	.Linfo_string18         @ DW_AT_name
	.long	401                     @ DW_AT_type
	.byte	7                       @ DW_AT_decl_file
	.byte	52                      @ DW_AT_decl_line
	.byte	4                       @ DW_AT_data_member_location
	.byte	5                       @ Abbrev [5] 0x820:0xc DW_TAG_member
	.long	.Linfo_string148        @ DW_AT_name
	.long	401                     @ DW_AT_type
	.byte	7                       @ DW_AT_decl_file
	.byte	55                      @ DW_AT_decl_line
	.byte	8                       @ DW_AT_data_member_location
	.byte	5                       @ Abbrev [5] 0x82c:0xc DW_TAG_member
	.long	.Linfo_string149        @ DW_AT_name
	.long	401                     @ DW_AT_type
	.byte	7                       @ DW_AT_decl_file
	.byte	58                      @ DW_AT_decl_line
	.byte	12                      @ DW_AT_data_member_location
	.byte	5                       @ Abbrev [5] 0x838:0xc DW_TAG_member
	.long	.Linfo_string150        @ DW_AT_name
	.long	401                     @ DW_AT_type
	.byte	7                       @ DW_AT_decl_file
	.byte	61                      @ DW_AT_decl_line
	.byte	16                      @ DW_AT_data_member_location
	.byte	0                       @ End Of Children Mark
	.byte	0                       @ End Of Children Mark
.Ldebug_info_end0:
	.section	.debug_ranges,"",%progbits
.Ldebug_ranges0:
	.long	.Lfunc_begin0
	.long	.Lfunc_end0
	.long	.Lfunc_begin1
	.long	.Lfunc_end1
	.long	.Lfunc_begin2
	.long	.Lfunc_end2
	.long	0
	.long	0
	.section	.debug_macinfo,"",%progbits
	.byte	0                       @ End Of Macro List Mark

	.ident	"Component: ARM Compiler 6.12 Tool: armclang [5d624a00]"
	.section	".note.GNU-stack","",%progbits
	.eabi_attribute	30, 6	@ Tag_ABI_optimization_goals
	.ARM_attribute	16, 1	@ Tag_AV_eba
	.section	.debug_line,"",%progbits
.Lline_table_start0:
